This is LuaTeX, Version beta-0.80.0 (TeX Live 2015/Debian) (rev 5238)  (format=lualatex 2017.11.21)  14 DEC 2017 07:39
 \write18 enabled.
**verbumadvent
(./verbumadvent.tex
LaTeX2e <2016/02/01>
Babel <3.9q> and hyphenation patterns for 1 language(s) loaded.
(/usr/share/texlive/texmf-dist/tex/latex/base/article.cls
Document Class: article 2014/09/29 v1.4h Standard LaTeX document class
(/usr/share/texlive/texmf-dist/tex/latex/base/size12.clo
File: size12.clo 2014/09/29 v1.4h Standard LaTeX file (size option)
)
\c@part=\count79
\c@section=\count80
\c@subsection=\count81
\c@subsubsection=\count82
\c@paragraph=\count83
\c@subparagraph=\count84
\c@figure=\count85
\c@table=\count86
\abovecaptionskip=\skip41
\belowcaptionskip=\skip42
\bibindent=\dimen102
)
(/usr/share/texlive/texmf-dist/tex/latex/libertine/libertine.sty
Package: libertine 2014/11/25 (Bob Tennent) Supports Libertine and Biolinum font
s for all LaTeX engines.

(/usr/share/texlive/texmf-dist/tex/generic/ifxetex/ifxetex.sty
Package: ifxetex 2010/09/12 v0.6 Provides ifxetex conditional
)
(/usr/share/texlive/texmf-dist/tex/generic/oberdiek/ifluatex.sty
Package: ifluatex 2010/03/01 v1.3 Provides the ifluatex switch (HO)
Package ifluatex Info: LuaTeX detected.
)
(/usr/share/texlive/texmf-dist/tex/latex/xkeyval/xkeyval.sty
Package: xkeyval 2014/12/03 v2.7a package option processing (HA)

(/usr/share/texlive/texmf-dist/tex/generic/xkeyval/xkeyval.tex
(/usr/share/texlive/texmf-dist/tex/generic/xkeyval/xkvutils.tex
\XKV@toks=\toks14
\XKV@tempa@toks=\toks15

(/usr/share/texlive/texmf-dist/tex/generic/xkeyval/keyval.tex))
\XKV@depth=\count87
File: xkeyval.tex 2014/12/03 v2.7a key=value parser (HA)
))
(/usr/share/texlive/texmf-dist/tex/latex/base/textcomp.sty
Package: textcomp 2005/09/27 v1.99g Standard LaTeX package
Package textcomp Info: Sub-encoding information:
(textcomp)               5 = only ISO-Adobe without \textcurrency
(textcomp)               4 = 5 + \texteuro
(textcomp)               3 = 4 + \textohm
(textcomp)               2 = 3 + \textestimated + \textcurrency
(textcomp)               1 = TS1 - \textcircled - \t
(textcomp)               0 = TS1 (full)
(textcomp)             Font families with sub-encoding setting implement
(textcomp)             only a restricted character set as indicated.
(textcomp)             Family '?' is the default used for unknown fonts.
(textcomp)             See the documentation for details.
Package textcomp Info: Setting ? sub-encoding to TS1/1 on input line 79.

(/usr/share/texlive/texmf-dist/tex/latex/base/ts1enc.def
File: ts1enc.def 2001/06/05 v3.0e (jk/car/fm) Standard LaTeX file
)
LaTeX Info: Redefining \oldstylenums on input line 334.
Package textcomp Info: Setting cmr sub-encoding to TS1/0 on input line 349.
Package textcomp Info: Setting cmss sub-encoding to TS1/0 on input line 350.
Package textcomp Info: Setting cmtt sub-encoding to TS1/0 on input line 351.
Package textcomp Info: Setting cmvtt sub-encoding to TS1/0 on input line 352.
Package textcomp Info: Setting cmbr sub-encoding to TS1/0 on input line 353.
Package textcomp Info: Setting cmtl sub-encoding to TS1/0 on input line 354.
Package textcomp Info: Setting ccr sub-encoding to TS1/0 on input line 355.
Package textcomp Info: Setting ptm sub-encoding to TS1/4 on input line 356.
Package textcomp Info: Setting pcr sub-encoding to TS1/4 on input line 357.
Package textcomp Info: Setting phv sub-encoding to TS1/4 on input line 358.
Package textcomp Info: Setting ppl sub-encoding to TS1/3 on input line 359.
Package textcomp Info: Setting pag sub-encoding to TS1/4 on input line 360.
Package textcomp Info: Setting pbk sub-encoding to TS1/4 on input line 361.
Package textcomp Info: Setting pnc sub-encoding to TS1/4 on input line 362.
Package textcomp Info: Setting pzc sub-encoding to TS1/4 on input line 363.
Package textcomp Info: Setting bch sub-encoding to TS1/4 on input line 364.
Package textcomp Info: Setting put sub-encoding to TS1/5 on input line 365.
Package textcomp Info: Setting uag sub-encoding to TS1/5 on input line 366.
Package textcomp Info: Setting ugq sub-encoding to TS1/5 on input line 367.
Package textcomp Info: Setting ul8 sub-encoding to TS1/4 on input line 368.
Package textcomp Info: Setting ul9 sub-encoding to TS1/4 on input line 369.
Package textcomp Info: Setting augie sub-encoding to TS1/5 on input line 370.
Package textcomp Info: Setting dayrom sub-encoding to TS1/3 on input line 371.
Package textcomp Info: Setting dayroms sub-encoding to TS1/3 on input line 372.
Package textcomp Info: Setting pxr sub-encoding to TS1/0 on input line 373.
Package textcomp Info: Setting pxss sub-encoding to TS1/0 on input line 374.
Package textcomp Info: Setting pxtt sub-encoding to TS1/0 on input line 375.
Package textcomp Info: Setting txr sub-encoding to TS1/0 on input line 376.
Package textcomp Info: Setting txss sub-encoding to TS1/0 on input line 377.
Package textcomp Info: Setting txtt sub-encoding to TS1/0 on input line 378.
Package textcomp Info: Setting lmr sub-encoding to TS1/0 on input line 379.
Package textcomp Info: Setting lmdh sub-encoding to TS1/0 on input line 380.
Package textcomp Info: Setting lmss sub-encoding to TS1/0 on input line 381.
Package textcomp Info: Setting lmssq sub-encoding to TS1/0 on input line 382.
Package textcomp Info: Setting lmvtt sub-encoding to TS1/0 on input line 383.
Package textcomp Info: Setting lmtt sub-encoding to TS1/0 on input line 384.
Package textcomp Info: Setting qhv sub-encoding to TS1/0 on input line 385.
Package textcomp Info: Setting qag sub-encoding to TS1/0 on input line 386.
Package textcomp Info: Setting qbk sub-encoding to TS1/0 on input line 387.
Package textcomp Info: Setting qcr sub-encoding to TS1/0 on input line 388.
Package textcomp Info: Setting qcs sub-encoding to TS1/0 on input line 389.
Package textcomp Info: Setting qpl sub-encoding to TS1/0 on input line 390.
Package textcomp Info: Setting qtm sub-encoding to TS1/0 on input line 391.
Package textcomp Info: Setting qzc sub-encoding to TS1/0 on input line 392.
Package textcomp Info: Setting qhvc sub-encoding to TS1/0 on input line 393.
Package textcomp Info: Setting futs sub-encoding to TS1/4 on input line 394.
Package textcomp Info: Setting futx sub-encoding to TS1/4 on input line 395.
Package textcomp Info: Setting futj sub-encoding to TS1/4 on input line 396.
Package textcomp Info: Setting hlh sub-encoding to TS1/3 on input line 397.
Package textcomp Info: Setting hls sub-encoding to TS1/3 on input line 398.
Package textcomp Info: Setting hlst sub-encoding to TS1/3 on input line 399.
Package textcomp Info: Setting hlct sub-encoding to TS1/5 on input line 400.
Package textcomp Info: Setting hlx sub-encoding to TS1/5 on input line 401.
Package textcomp Info: Setting hlce sub-encoding to TS1/5 on input line 402.
Package textcomp Info: Setting hlcn sub-encoding to TS1/5 on input line 403.
Package textcomp Info: Setting hlcw sub-encoding to TS1/5 on input line 404.
Package textcomp Info: Setting hlcf sub-encoding to TS1/5 on input line 405.
Package textcomp Info: Setting pplx sub-encoding to TS1/3 on input line 406.
Package textcomp Info: Setting pplj sub-encoding to TS1/3 on input line 407.
Package textcomp Info: Setting ptmx sub-encoding to TS1/4 on input line 408.
Package textcomp Info: Setting ptmj sub-encoding to TS1/4 on input line 409.
)
(/usr/share/texlive/texmf-dist/tex/latex/fontspec/fontspec.sty
(/usr/share/texlive/texmf-dist/tex/latex/l3kernel/expl3.sty
Package: expl3 2016/01/19 v6377 L3 programming layer (loader) 

(/usr/share/texlive/texmf-dist/tex/latex/l3kernel/expl3-code.tex
Package: expl3 2016/01/19 v6377 L3 programming layer (code)
L3 Module: l3bootstrap 2016/01/01 v6339 L3 Bootstrap code
\ucharcat@table=\catcodetable5
L3 Module: l3names 2015/12/21 v6328 L3 Namespace for primitives
L3 Module: l3basics 2015/11/22 v6315 L3 Basic definitions
L3 Module: l3expan 2015/09/10 v5983 L3 Argument expansion
L3 Module: l3tl 2015/09/29 v6121 L3 Token lists
L3 Module: l3str 2016/01/03 v6357 L3 Strings
L3 Module: l3seq 2015/08/05 v5777 L3 Sequences and stacks
L3 Module: l3int 2016/01/05 v6366 L3 Integers
\c_max_int=\count88
\l_tmpa_int=\count89
\l_tmpb_int=\count90
\g_tmpa_int=\count91
\g_tmpb_int=\count92
L3 Module: l3quark 2015/08/17 v5855 L3 Quarks
L3 Module: l3prg 2015/11/01 v6216 L3 Control structures
\g__prg_map_int=\count93
L3 Module: l3clist 2015/09/02 v5901 L3 Comma separated lists
L3 Module: l3token 2015/11/11 v6249 L3 Experimental token manipulation
L3 Module: l3prop 2016/01/05 v6366 L3 Property lists
L3 Module: l3msg 2015/09/28 v6113 L3 Messages
L3 Module: l3file 2015/12/03 v6317 L3 File and I/O operations
\l_iow_line_count_int=\count94
\l__iow_target_count_int=\count95
\l__iow_current_line_int=\count96
\l__iow_current_word_int=\count97
\l__iow_current_indentation_int=\count98
L3 Module: l3skip 2016/01/05 v6366 L3 Dimensions and skips
\c_zero_dim=\dimen103
\c_max_dim=\dimen104
\l_tmpa_dim=\dimen105
\l_tmpb_dim=\dimen106
\g_tmpa_dim=\dimen107
\g_tmpb_dim=\dimen108
\c_zero_skip=\skip43
\c_max_skip=\skip44
\l_tmpa_skip=\skip45
\l_tmpb_skip=\skip46
\g_tmpa_skip=\skip47
\g_tmpb_skip=\skip48
\c_zero_muskip=\muskip10
\c_max_muskip=\muskip11
\l_tmpa_muskip=\muskip12
\l_tmpb_muskip=\muskip13
\g_tmpa_muskip=\muskip14
\g_tmpb_muskip=\muskip15
L3 Module: l3keys 2015/11/17 v6284 L3 Key-value interfaces
\g__keyval_level_int=\count99
\l_keys_choice_int=\count100
L3 Module: l3fp 2015/08/25 v5890 L3 Floating points
\c__fp_leading_shift_int=\count101
\c__fp_middle_shift_int=\count102
\c__fp_trailing_shift_int=\count103
\c__fp_big_leading_shift_int=\count104
\c__fp_big_middle_shift_int=\count105
\c__fp_big_trailing_shift_int=\count106
\c__fp_Bigg_leading_shift_int=\count107
\c__fp_Bigg_middle_shift_int=\count108
\c__fp_Bigg_trailing_shift_int=\count109
L3 Module: l3box 2015/08/09 v5822 L3 Experimental boxes
\c_empty_box=\box26
\l_tmpa_box=\box27
\l_tmpb_box=\box28
\g_tmpa_box=\box29
\g_tmpb_box=\box30
L3 Module: l3coffins 2015/08/06 v5789 L3 Coffin code layer
\l__coffin_internal_box=\box31
\l__coffin_internal_dim=\dimen109
\l__coffin_offset_x_dim=\dimen110
\l__coffin_offset_y_dim=\dimen111
\l__coffin_x_dim=\dimen112
\l__coffin_y_dim=\dimen113
\l__coffin_x_prime_dim=\dimen114
\l__coffin_y_prime_dim=\dimen115
\c_empty_coffin=\box32
\l__coffin_aligned_coffin=\box33
\l__coffin_aligned_internal_coffin=\box34
\l_tmpa_coffin=\box35
\l_tmpb_coffin=\box36
\l__coffin_display_coffin=\box37
\l__coffin_display_coord_coffin=\box38
\l__coffin_display_pole_coffin=\box39
\l__coffin_display_offset_dim=\dimen116
\l__coffin_display_x_dim=\dimen117
\l__coffin_display_y_dim=\dimen118
L3 Module: l3color 2014/08/23 v5354 L3 Experimental color support
L3 Module: l3sys 2015/09/25 v6087 L3 Experimental system/runtime functions
L3 Module: l3candidates 2016/01/14 v6376 L3 Experimental additions to l3kernel
\l__box_top_dim=\dimen119
\l__box_bottom_dim=\dimen120
\l__box_left_dim=\dimen121
\l__box_right_dim=\dimen122
\l__box_top_new_dim=\dimen123
\l__box_bottom_new_dim=\dimen124
\l__box_left_new_dim=\dimen125
\l__box_right_new_dim=\dimen126
\l__box_internal_box=\box40
\l__coffin_bounding_shift_dim=\dimen127
\l__coffin_left_corner_dim=\dimen128
\l__coffin_right_corner_dim=\dimen129
\l__coffin_bottom_corner_dim=\dimen130
\l__coffin_top_corner_dim=\dimen131
\l__coffin_scaled_total_height_dim=\dimen132
\l__coffin_scaled_width_dim=\dimen133
L3 Module: l3luatex 2015/11/11 v6250 L3 Experimental LuaTeX-specific functions
)
(/usr/share/texlive/texmf-dist/tex/latex/l3kernel/l3pdfmode.def
File: l3pdfmode.def 2015/11/11 v6250 L3 Experimental driver: PDF mode
\l__driver_color_stack_int=\count110
))
(/usr/share/texlive/texmf-dist/tex/latex/l3packages/xparse/xparse.sty
Package: xparse 2016/01/19 v6377 L3 Experimental document command parser
\l__xparse_current_arg_int=\count111
\l__xparse_m_args_int=\count112
\l__xparse_mandatory_args_int=\count113
\l__xparse_processor_int=\count114
\l__xparse_v_nesting_int=\count115
)
Package: fontspec 2016/02/01 v2.5a Font selection for XeLaTeX and LuaLaTeX

(/usr/share/texlive/texmf-dist/tex/luatex/luaotfload/luaotfload.sty
Package: luaotfload 2015/12/09 v2.6 OpenType layout system
Lua module: luaotfload-main 2015/12/09 2.60001 OpenType layout system.
Lua module: lualibs 2015-12-02 2.3 ConTeXt Lua standard libraries.
Lua module: lualibs-extended 2015-12-02 2.3 ConTeXt Lua libraries -- extended co
llection.(using write cache: /home/veronica/.texmf-var/luatex-cache/generic)(usi
ng read cache: /var/lib/texmf/luatex-cache/generic /home/veronica/.texmf-var/lua
tex-cache/generic)
luaotfload | conf : Root cache directory is /home/veronica/.texmf-var/luatex-cac
he/generic/names.
luaotfload | init : Loading fontloader “fontloader-2016-02-12.lua” from kpse
-resolved path “/usr/share/texlive/texmf-dist/tex/luatex/luaotfload/fontloader
-2016-02-12.lua”.
Lua-only attribute luaotfload@state = 1
Lua-only attribute luaotfload@cursbase = 2
Lua-only attribute luaotfload@noligature = 3
luaotfload | init : Context OpenType loader version “2.82”
Inserting `luaotfload.node_processor' at position 1 in `pre_linebreak_filter'.
Inserting `luaotfload.node_processor' at position 1 in `hpack_filter'.
Inserting `luaotfload.define_font' at position 1 in `define_font'.
Lua-only attribute luaotfload_color_attribute = 4
luaotfload | conf : Root cache directory is /home/veronica/.texmf-var/luatex-cac
he/generic/names.
Inserting `luaotfload.aux.set_sscale_dimens' at position 1 in `luaotfload.patch_
font'.
Inserting `luaotfload.aux.patch_cambria_domh' at position 2 in `luaotfload.patch
_font'.
Inserting `luaotfload.aux.fixup_fontdata' at position 1 in `luaotfload.patch_fon
t_unsafe'.
Inserting `luaotfload.aux.set_capheight' at position 3 in `luaotfload.patch_font
'.
Inserting `luaotfload.rewrite_fontname' at position 4 in `luaotfload.patch_font'
.
luaotfload | main : initialization completed in 0.584 seconds)
Lua module: fontspec 2016/02/01 2.5a Advanced font selection for LuaLaTeX.
(/usr/share/texlive/texmf-dist/tex/latex/fontspec/fontspec-luatex.sty
Package: fontspec-luatex 2016/02/01 v2.5a Font selection for XeLaTeX and LuaLaTe
X
\l_fontspec_script_int=\count116
\l_fontspec_language_int=\count117
\l_fontspec_strnum_int=\count118
\l__fontspec_tmpa_dim=\dimen134
\l__fontspec_tmpb_dim=\dimen135
\l__fontspec_tmpc_dim=\dimen136
\g__file_internal_ior=\read1

(/usr/share/texlive/texmf-dist/tex/latex/base/fontenc.sty
Package: fontenc 2005/09/27 v1.99g Standard LaTeX package

(/usr/share/texlive/texmf-dist/tex/latex/euenc/eu2enc.def
File: eu2enc.def 2010/05/27 v0.1h Experimental Unicode font encodings
)
LaTeX Font Info:    Try loading font information for EU2+lmr on input line 105.

(/usr/share/texlive/texmf-dist/tex/latex/euenc/eu2lmr.fd
File: eu2lmr.fd 2009/10/30 v1.6 Font defs for Latin Modern
)
luaotfload | db : Font names database loaded from /home/veronica/.texmf-var/luat
ex-cache/generic/names/luaotfload-names.luc(compiling luc: /var/lib/texmf/luatex
-cache/generic/fonts/otf/lmroman10-regular.luc)(load luc: /home/veronica/.texmf-
var/luatex-cache/generic/fonts/otf/lmroman10-regular.luc))(compiling luc: /var/l
ib/texmf/luatex-cache/generic/fonts/otf/lmroman12-regular.luc)(load luc: /home/v
eronica/.texmf-var/luatex-cache/generic/fonts/otf/lmroman12-regular.luc) (/usr/
share/texlive/texmf-dist/tex/xelatex/xunicode/xunicode.sty
File: xunicode.sty 2011/09/09 v0.981 provides access to latin accents and many o
ther characters in Unicode lower plane

(/usr/share/texmf/tex/latex/tipa/t3enc.def
File: t3enc.def 2001/12/31 T3 encoding
(compiling luc: /var/lib/texmf/luatex-cache/generic/fonts/otf/lmromanslant12-reg
ular.luc)(load luc: /home/veronica/.texmf-var/luatex-cache/generic/fonts/otf/lmr
omanslant12-regular.luc)(compiling luc: /var/lib/texmf/luatex-cache/generic/font
s/otf/lmroman12-italic.luc)(load luc: /home/veronica/.texmf-var/luatex-cache/gen
eric/fonts/otf/lmroman12-italic.luc)(compiling luc: /var/lib/texmf/luatex-cache/
generic/fonts/otf/lmroman12-bold.luc)(load luc: /home/veronica/.texmf-var/luatex
-cache/generic/fonts/otf/lmroman12-bold.luc)
LaTeX Font Info:    Try loading font information for EU2+lmss on input line 357.

 (/usr/share/texlive/texmf-dist/tex/latex/euenc/eu2lmss.fd
File: eu2lmss.fd 2009/10/30 v1.6 Font defs for Latin Modern
)(compiling luc: /var/lib/texmf/luatex-cache/generic/fonts/otf/lmsans12-regular.
luc)(load luc: /home/veronica/.texmf-var/luatex-cache/generic/fonts/otf/lmsans12
-regular.luc))
\tipaTiiicode=\count119
\tipasavetokens=\toks16
\tipachecktokens=\toks17

(/usr/share/texlive/texmf-dist/tex/latex/graphics/graphicx.sty
Package: graphicx 2014/10/28 v1.0g Enhanced LaTeX Graphics (DPC,SPQR)

(/usr/share/texlive/texmf-dist/tex/latex/graphics/graphics.sty
Package: graphics 2016/01/03 v1.0q Standard LaTeX Graphics (DPC,SPQR)

(/usr/share/texlive/texmf-dist/tex/latex/graphics/trig.sty
Package: trig 2016/01/03 v1.10 sin cos tan (DPC)
)
(/usr/share/texlive/texmf-dist/tex/latex/latexconfig/graphics.cfg
File: graphics.cfg 2010/04/23 v1.9 graphics configuration of TeX Live
)
Package graphics Info: Driver file: pdftex.def on input line 95.

(/usr/share/texlive/texmf-dist/tex/latex/pdftex-def/pdftex.def
File: pdftex.def 2011/05/27 v0.06d Graphics/color for pdfTeX

(/usr/share/texlive/texmf-dist/tex/generic/oberdiek/infwarerr.sty
Package: infwarerr 2010/04/08 v1.3 Providing info/warning/error messages (HO)
)
(/usr/share/texlive/texmf-dist/tex/generic/oberdiek/ltxcmds.sty
Package: ltxcmds 2011/11/09 v1.22 LaTeX kernel commands for general use (HO)
)
\Gread@gobject=\count120
))
\Gin@req@height=\dimen137
\Gin@req@width=\dimen138
))
.................................................
. LaTeX info: "xparse/define-command"
. 
. Defining command \__fontspec_post_arg:w with sig. 'mmO{}' on line 356.
.................................................
.................................................
. LaTeX info: "xparse/define-command"
. 
. Defining command \fontspec with sig. 'om' on line 358.
.................................................
.................................................
. LaTeX info: "xparse/define-command"
. 
. Defining command \setmainfont with sig. 'om' on line 368.
.................................................
.................................................
. LaTeX info: "xparse/define-command"
. 
. Defining command \setsansfont with sig. 'om' on line 378.
.................................................
.................................................
. LaTeX info: "xparse/define-command"
. 
. Defining command \setmonofont with sig. 'om' on line 388.
.................................................
.................................................
. LaTeX info: "xparse/define-command"
. 
. Defining command \setmathrm with sig. 'om' on line 402.
.................................................
.................................................
. LaTeX info: "xparse/define-command"
. 
. Defining command \setboldmathrm with sig. 'om' on line 410.
.................................................
.................................................
. LaTeX info: "xparse/define-command"
. 
. Defining command \setmathsf with sig. 'om' on line 418.
.................................................
.................................................
. LaTeX info: "xparse/define-command"
. 
. Defining command \setmathtt with sig. 'om' on line 426.
.................................................
.................................................
. LaTeX info: "xparse/define-command"
. 
. Defining command \newfontfamily with sig. 'mom' on line 440.
.................................................
.................................................
. LaTeX info: "xparse/define-command"
. 
. Defining command \newfontface with sig. 'mom' on line 456.
.................................................
.................................................
. LaTeX info: "xparse/define-command"
. 
. Defining command \defaultfontfeatures with sig. 't+om' on line 470.
.................................................
.................................................
. LaTeX info: "xparse/define-command"
. 
. Defining command \addfontfeatures with sig. 'm' on line 533.
.................................................
.................................................
. LaTeX info: "xparse/define-command"
. 
. Defining command \newfontfeature with sig. 'mm' on line 544.
.................................................
.................................................
. LaTeX info: "xparse/define-command"
. 
. Defining command \newAATfeature with sig. 'mmmm' on line 552.
.................................................
.................................................
. LaTeX info: "xparse/define-command"
. 
. Defining command \newopentypefeature with sig. 'mmm' on line 560.
.................................................
.................................................
. LaTeX info: "xparse/define-command"
. 
. Defining command \aliasfontfeature with sig. 'mm' on line 581.
.................................................
.................................................
. LaTeX info: "xparse/define-command"
. 
. Defining command \aliasfontfeatureoption with sig. 'mmm' on line 590.
.................................................
.................................................
. LaTeX info: "xparse/define-command"
. 
. Defining command \newfontscript with sig. 'mm' on line 594.
.................................................
.................................................
. LaTeX info: "xparse/define-command"
. 
. Defining command \newfontlanguage with sig. 'mm' on line 598.
.................................................
.................................................
. LaTeX info: "xparse/define-command"
. 
. Defining command \DeclareFontsExtensions with sig. 'm' on line 603.
.................................................
\l__fontspec_tmp_int=\count121

(/usr/share/texlive/texmf-dist/tex/latex/fontspec/fontspec.cfg)
LaTeX Info: Redefining \itshape on input line 2629.
LaTeX Info: Redefining \slshape on input line 2634.
LaTeX Info: Redefining \scshape on input line 2639.
LaTeX Info: Redefining \upshape on input line 2644.
\l__fontspec_em_int=\count122
\l__fontspec_emdef_int=\count123
LaTeX Info: Redefining \em on input line 2660.
LaTeX Info: Redefining \emph on input line 2666.
LaTeX Info: Redefining \- on input line 2670.
.................................................
. LaTeX info: "xparse/redefine-command"
. 
. Redefining command \oldstylenums with sig. 'm' on line 2765.
.................................................
.................................................
. LaTeX info: "xparse/define-command"
. 
. Defining command \liningnums with sig. 'm' on line 2769.
.................................................
))
luaotfload | load : path lookup of "LinLibertine_R.otf" unsuccessful, falling ba
ck to file:(compiling luc: /var/lib/texmf/luatex-cache/generic/fonts/otf/linlibe
rtine-r.luc)(load luc: /home/veronica/.texmf-var/luatex-cache/generic/fonts/otf/
linlibertine-r.luc)
luaotfload | load : path lookup of "LinLibertine_R.otf" unsuccessful, falling ba
ck to file:
\g__fontspec_family_LinLibertine_int=\count124
luaotfload | load : path lookup of "LinLibertine_R.otf" unsuccessful, falling ba
ck to file:
luaotfload | load : path lookup of "LinLibertine_R.otf" unsuccessful, falling ba
ck to file:
luaotfload | load : path lookup of "LinLibertine_RB.otf" unsuccessful, falling b
ack to file:(compiling luc: /var/lib/texmf/luatex-cache/generic/fonts/otf/linlib
ertine-rb.luc)(load luc: /home/veronica/.texmf-var/luatex-cache/generic/fonts/ot
f/linlibertine-rb.luc)
luaotfload | load : path lookup of "LinLibertine_RB.otf" unsuccessful, falling b
ack to file:
luaotfload | load : path lookup of "LinLibertine_RI.otf" unsuccessful, falling b
ack to file:(compiling luc: /var/lib/texmf/luatex-cache/generic/fonts/otf/linlib
ertine-ri.luc)(load luc: /home/veronica/.texmf-var/luatex-cache/generic/fonts/ot
f/linlibertine-ri.luc)
luaotfload | load : path lookup of "LinLibertine_RI.otf" unsuccessful, falling b
ack to file:
luaotfload | load : path lookup of "LinLibertine_RBI.otf" unsuccessful, falling 
back to file:(compiling luc: /var/lib/texmf/luatex-cache/generic/fonts/otf/linli
bertine-rbi.luc)(load luc: /home/veronica/.texmf-var/luatex-cache/generic/fonts/
otf/linlibertine-rbi.luc)
luaotfload | load : path lookup of "LinLibertine_RBI.otf" unsuccessful, falling 
back to file:
.................................................
. fontspec info: "defining-font"
. 
. Font family 'LinLibertine(0)' created for font 'LinLibertine' with options
. [Ligatures = TeX,Extension =
. .otf,SmallCapsFeatures={Letters=SmallCaps,Renderer=Basic},Ligatures=TeX,Number
s
. = {Monospaced,Lining},UprightFont = *_R,ItalicFont = *_RI,BoldFont =
. *_RB,BoldItalicFont = *_RBI].
. 
. This font family consists of the following NFSS series/shapes:
. - 'normal' (m/n) with NFSS spec.:
. <->"[LinLibertine_R.otf]:mode=node;script=latn;language=DFLT;+tlig;+tlig;+tnum
;+lnum;"
. - 'small caps'  (m/sc) with NFSS spec.:
. <->"[LinLibertine_R.otf]:mode=base;script=latn;language=DFLT;+tlig;+tlig;+tnum
;+lnum;+smcp;+smcp;"-
. 'bold' (bx/n) with NFSS spec.:
. <->"[LinLibertine_RB.otf]:mode=node;script=latn;language=DFLT;+tlig;+tlig;+tnu
m;+lnum;"
. - 'bold small caps'  (bx/sc) with NFSS spec.:
. <->"[LinLibertine_RB.otf]:mode=base;script=latn;language=DFLT;+tlig;+tlig;+tnu
m;+lnum;+smcp;+smcp;"-
. 'italic' (m/it) with NFSS spec.:
. <->"[LinLibertine_RI.otf]:mode=node;script=latn;language=DFLT;+tlig;+tlig;+tnu
m;+lnum;"
. - 'italic small caps'  (m/itsc) with NFSS spec.:
. <->"[LinLibertine_RI.otf]:mode=base;script=latn;language=DFLT;+tlig;+tlig;+tnu
m;+lnum;+smcp;+smcp;"-
. 'bold italic' (bx/it) with NFSS spec.:
. <->"[LinLibertine_RBI.otf]:mode=node;script=latn;language=DFLT;+tlig;+tlig;+tn
um;+lnum;"
. - 'bold italic small caps'  (bx/itsc) with NFSS spec.:
. <->"[LinLibertine_RBI.otf]:mode=base;script=latn;language=DFLT;+tlig;+tlig;+tn
um;+lnum;+smcp;+smcp;"
.................................................
luaotfload | load : path lookup of "LinLibertine_R.otf" unsuccessful, falling ba
ck to file:
luaotfload | load : path lookup of "LinBiolinum_R.otf" unsuccessful, falling bac
k to file:(compiling luc: /var/lib/texmf/luatex-cache/generic/fonts/otf/linbioli
num-r.luc)(load luc: /home/veronica/.texmf-var/luatex-cache/generic/fonts/otf/li
nbiolinum-r.luc)
luaotfload | load : path lookup of "LinBiolinum_R.otf" unsuccessful, falling bac
k to file:
\g__fontspec_family_LinBiolinum_int=\count125
luaotfload | load : path lookup of "LinBiolinum_R.otf" unsuccessful, falling bac
k to file:
luaotfload | load : path lookup of "LinBiolinum_R.otf" unsuccessful, falling bac
k to file:
luaotfload | load : path lookup of "LinBiolinum_RB.otf" unsuccessful, falling ba
ck to file:(compiling luc: /var/lib/texmf/luatex-cache/generic/fonts/otf/linbiol
inum-rb.luc)(load luc: /home/veronica/.texmf-var/luatex-cache/generic/fonts/otf/
linbiolinum-rb.luc)
luaotfload | load : path lookup of "LinBiolinum_RB.otf" unsuccessful, falling ba
ck to file:
luaotfload | load : path lookup of "LinBiolinum_RI.otf" unsuccessful, falling ba
ck to file:(compiling luc: /var/lib/texmf/luatex-cache/generic/fonts/otf/linbiol
inum-ri.luc)(load luc: /home/veronica/.texmf-var/luatex-cache/generic/fonts/otf/
linbiolinum-ri.luc)
luaotfload | load : path lookup of "LinBiolinum_RI.otf" unsuccessful, falling ba
ck to file:
luaotfload | load : path lookup of "LinBiolinum_RBO.otf" unsuccessful, falling b
ack to file:(compiling luc: /var/lib/texmf/luatex-cache/generic/fonts/otf/linbio
linum-rbo.luc)(load luc: /home/veronica/.texmf-var/luatex-cache/generic/fonts/ot
f/linbiolinum-rbo.luc)
luaotfload | load : path lookup of "LinBiolinum_RBO.otf" unsuccessful, falling b
ack to file:
.................................................
. fontspec info: "defining-font"
. 
. Font family 'LinBiolinum(0)' created for font 'LinBiolinum' with options
. [Ligatures = TeX,Extension =
. .otf,SmallCapsFeatures={Letters=SmallCaps,Renderer=Basic},Ligatures=TeX,Number
s
. = {Monospaced, },Scale = 1,UprightFont = *_R,ItalicFont = *_RI,BoldFont =
. *_RB,BoldItalicFont = *_RBO].
. 
. This font family consists of the following NFSS series/shapes:
. - 'normal' (m/n) with NFSS spec.:
. <->s*[1]"[LinBiolinum_R.otf]:mode=node;script=latn;language=DFLT;+tlig;+tlig;+
tnum;"
. - 'small caps'  (m/sc) with NFSS spec.:
. <->s*[1]"[LinBiolinum_R.otf]:mode=base;script=latn;language=DFLT;+tlig;+tlig;+
tnum;+smcp;+smcp;"-
. 'bold' (bx/n) with NFSS spec.:
. <->s*[1]"[LinBiolinum_RB.otf]:mode=node;script=latn;language=DFLT;+tlig;+tlig;
+tnum;"
. - 'bold small caps'  (bx/sc) with NFSS spec.:
. <->s*[1]"[LinBiolinum_RB.otf]:mode=base;script=latn;language=DFLT;+tlig;+tlig;
+tnum;+smcp;+smcp;"-
. 'italic' (m/it) with NFSS spec.:
. <->s*[1]"[LinBiolinum_RI.otf]:mode=node;script=latn;language=DFLT;+tlig;+tlig;
+tnum;"
. - 'italic small caps'  (m/itsc) with NFSS spec.:
. <->s*[1]"[LinBiolinum_RI.otf]:mode=base;script=latn;language=DFLT;+tlig;+tlig;
+tnum;+smcp;+smcp;"-
. 'bold italic' (bx/it) with NFSS spec.:
. <->s*[1]"[LinBiolinum_RBO.otf]:mode=node;script=latn;language=DFLT;+tlig;+tlig
;+tnum;"
. - 'bold italic small caps'  (bx/itsc) with NFSS spec.:
. <->s*[1]"[LinBiolinum_RBO.otf]:mode=base;script=latn;language=DFLT;+tlig;+tlig
;+tnum;+smcp;+smcp;"
.................................................
luaotfload | load : path lookup of "LinLibertine_R.otf" unsuccessful, falling ba
ck to file:
luaotfload | load : path lookup of "LinLibertine_R.otf" unsuccessful, falling ba
ck to file:
luaotfload | load : path lookup of "LinLibertine_R.otf" unsuccessful, falling ba
ck to file:
luaotfload | load : path lookup of "LinLibertine_R.otf" unsuccessful, falling ba
ck to file:
luaotfload | load : path lookup of "LinLibertine_RB.otf" unsuccessful, falling b
ack to file:
luaotfload | load : path lookup of "LinLibertine_RB.otf" unsuccessful, falling b
ack to file:
luaotfload | load : path lookup of "LinLibertine_RI.otf" unsuccessful, falling b
ack to file:
luaotfload | load : path lookup of "LinLibertine_RI.otf" unsuccessful, falling b
ack to file:
luaotfload | load : path lookup of "LinLibertine_RBI.otf" unsuccessful, falling 
back to file:
luaotfload | load : path lookup of "LinLibertine_RBI.otf" unsuccessful, falling 
back to file:
.................................................
. fontspec info: "defining-font"
. 
. Font family 'LinLibertine(1)' created for font 'LinLibertine' with options
. [Ligatures = TeX,Extension =
. .otf,SmallCapsFeatures={Letters=SmallCaps,Renderer=Basic},Numbers =
. {Monospaced,Lining},UprightFont = *_R,ItalicFont = *_RI,BoldFont =
. *_RB,BoldItalicFont = *_RBI].
. 
. This font family consists of the following NFSS series/shapes:
. - 'normal' (m/n) with NFSS spec.:
. <->"[LinLibertine_R.otf]:mode=node;script=latn;language=DFLT;+tlig;+tnum;+lnum
;"
. - 'small caps'  (m/sc) with NFSS spec.:
. <->"[LinLibertine_R.otf]:mode=base;script=latn;language=DFLT;+tlig;+tnum;+lnum
;+smcp;+smcp;"-
. 'bold' (bx/n) with NFSS spec.:
. <->"[LinLibertine_RB.otf]:mode=node;script=latn;language=DFLT;+tlig;+tnum;+lnu
m;"
. - 'bold small caps'  (bx/sc) with NFSS spec.:
. <->"[LinLibertine_RB.otf]:mode=base;script=latn;language=DFLT;+tlig;+tnum;+lnu
m;+smcp;+smcp;"-
. 'italic' (m/it) with NFSS spec.:
. <->"[LinLibertine_RI.otf]:mode=node;script=latn;language=DFLT;+tlig;+tnum;+lnu
m;"
. - 'italic small caps'  (m/itsc) with NFSS spec.:
. <->"[LinLibertine_RI.otf]:mode=base;script=latn;language=DFLT;+tlig;+tnum;+lnu
m;+smcp;+smcp;"-
. 'bold italic' (bx/it) with NFSS spec.:
. <->"[LinLibertine_RBI.otf]:mode=node;script=latn;language=DFLT;+tlig;+tnum;+ln
um;"
. - 'bold italic small caps'  (bx/itsc) with NFSS spec.:
. <->"[LinLibertine_RBI.otf]:mode=base;script=latn;language=DFLT;+tlig;+tnum;+ln
um;+smcp;+smcp;"
.................................................
luaotfload | load : path lookup of "LinLibertine_RZ.otf" unsuccessful, falling b
ack to file:(compiling luc: /var/lib/texmf/luatex-cache/generic/fonts/otf/linlib
ertine-rz.luc)(load luc: /home/veronica/.texmf-var/luatex-cache/generic/fonts/ot
f/linlibertine-rz.luc)
luaotfload | load : path lookup of "LinLibertine_RZ.otf" unsuccessful, falling b
ack to file:
luaotfload | load : path lookup of "LinLibertine_RZ.otf" unsuccessful, falling b
ack to file:
luaotfload | load : path lookup of "LinLibertine_RZ.otf" unsuccessful, falling b
ack to file:
luaotfload | load : path lookup of "LinLibertine_RB.otf" unsuccessful, falling b
ack to file:
luaotfload | load : path lookup of "LinLibertine_RB.otf" unsuccessful, falling b
ack to file:
luaotfload | load : path lookup of "LinLibertine_RZI.otf" unsuccessful, falling 
back to file:(compiling luc: /var/lib/texmf/luatex-cache/generic/fonts/otf/linli
bertine-rzi.luc)(load luc: /home/veronica/.texmf-var/luatex-cache/generic/fonts/
otf/linlibertine-rzi.luc)
luaotfload | load : path lookup of "LinLibertine_RZI.otf" unsuccessful, falling 
back to file:
luaotfload | aux : font no 32 (LinLibertineOZI) does not define feature tnum for
 script latn with language dflt
luaotfload | aux : no font with id 32
*************************************************
* fontspec warning: "icu-feature-not-exist-in-font"
* 
* OpenType feature 'Numbers=Monospaced,Lining' (+tnum) not available for font
* 'LinLibertine_RZI' with script 'Latin' and language 'Default'.
*************************************************
luaotfload | aux : font no 32 (LinLibertineOZI) does not define feature tnum for
 script latn with language dflt
luaotfload | aux : no font with id 32
*************************************************
* fontspec warning: "icu-feature-not-exist-in-font"
* 
* OpenType feature 'Numbers=Monospaced,Lining' (+tnum) not available for font
* 'LinLibertine_RZI' with script 'Latin' and language 'Default'.
*************************************************
luaotfload | load : path lookup of "LinLibertine_RBI.otf" unsuccessful, falling 
back to file:
luaotfload | load : path lookup of "LinLibertine_RBI.otf" unsuccessful, falling 
back to file:
.................................................
. fontspec info: "defining-font"
. 
. Font family 'LinLibertine(2)' created for font 'LinLibertine' with options
. [Ligatures = TeX,Extension =
. .otf,SmallCapsFeatures={Letters=SmallCaps,Renderer=Basic},Numbers =
. {Monospaced,Lining},UprightFont = *_RZ,ItalicFont = *_RZI,BoldFont =
. *_RB,BoldItalicFont = *_RBI].
. 
. This font family consists of the following NFSS series/shapes:
. - 'normal' (m/n) with NFSS spec.:
. <->"[LinLibertine_RZ.otf]:mode=node;script=latn;language=DFLT;+tlig;+tnum;+lnu
m;"
. - 'small caps'  (m/sc) with NFSS spec.:
. <->"[LinLibertine_RZ.otf]:mode=base;script=latn;language=DFLT;+tlig;+tnum;+lnu
m;+smcp;+smcp;"-
. 'bold' (bx/n) with NFSS spec.:
. <->"[LinLibertine_RB.otf]:mode=node;script=latn;language=DFLT;+tlig;+tnum;+lnu
m;"
. - 'bold small caps'  (bx/sc) with NFSS spec.:
. <->"[LinLibertine_RB.otf]:mode=base;script=latn;language=DFLT;+tlig;+tnum;+lnu
m;+smcp;+smcp;"-
. 'italic' (m/it) with NFSS spec.:
. <->"[LinLibertine_RZI.otf]:mode=node;script=latn;language=DFLT;+tlig;+lnum;"
. - 'italic small caps'  (m/itsc) with NFSS spec.:
. <->"[LinLibertine_RZI.otf]:mode=base;script=latn;language=DFLT;+tlig;+lnum;+sm
cp;+smcp;"-
. 'bold italic' (bx/it) with NFSS spec.:
. <->"[LinLibertine_RBI.otf]:mode=node;script=latn;language=DFLT;+tlig;+tnum;+ln
um;"
. - 'bold italic small caps'  (bx/itsc) with NFSS spec.:
. <->"[LinLibertine_RBI.otf]:mode=base;script=latn;language=DFLT;+tlig;+tnum;+ln
um;+smcp;+smcp;"
.................................................
luaotfload | load : path lookup of "LinLibertine_R.otf" unsuccessful, falling ba
ck to file:
luaotfload | load : path lookup of "LinLibertine_R.otf" unsuccessful, falling ba
ck to file:
luaotfload | load : path lookup of "LinLibertine_R.otf" unsuccessful, falling ba
ck to file:
luaotfload | load : path lookup of "LinLibertine_R.otf" unsuccessful, falling ba
ck to file:
luaotfload | load : path lookup of "LinLibertine_RB.otf" unsuccessful, falling b
ack to file:
luaotfload | load : path lookup of "LinLibertine_RB.otf" unsuccessful, falling b
ack to file:
luaotfload | load : path lookup of "LinLibertine_RI.otf" unsuccessful, falling b
ack to file:
luaotfload | load : path lookup of "LinLibertine_RI.otf" unsuccessful, falling b
ack to file:
luaotfload | load : path lookup of "LinLibertine_RBI.otf" unsuccessful, falling 
back to file:
luaotfload | load : path lookup of "LinLibertine_RBI.otf" unsuccessful, falling 
back to file:
.................................................
. fontspec info: "defining-font"
. 
. Font family 'LinLibertine(3)' created for font 'LinLibertine' with options
. [Ligatures = TeX,Extension =
. .otf,SmallCapsFeatures={Letters=SmallCaps,Renderer=Basic},Numbers =
. {Monospaced,OldStyle},UprightFont = *_R,ItalicFont = *_RI,BoldFont =
. *_RB,BoldItalicFont = *_RBI].
. 
. This font family consists of the following NFSS series/shapes:
. - 'normal' (m/n) with NFSS spec.:
. <->"[LinLibertine_R.otf]:mode=node;script=latn;language=DFLT;+tlig;+tnum;+onum
;"
. - 'small caps'  (m/sc) with NFSS spec.:
. <->"[LinLibertine_R.otf]:mode=base;script=latn;language=DFLT;+tlig;+tnum;+onum
;+smcp;+smcp;"-
. 'bold' (bx/n) with NFSS spec.:
. <->"[LinLibertine_RB.otf]:mode=node;script=latn;language=DFLT;+tlig;+tnum;+onu
m;"
. - 'bold small caps'  (bx/sc) with NFSS spec.:
. <->"[LinLibertine_RB.otf]:mode=base;script=latn;language=DFLT;+tlig;+tnum;+onu
m;+smcp;+smcp;"-
. 'italic' (m/it) with NFSS spec.:
. <->"[LinLibertine_RI.otf]:mode=node;script=latn;language=DFLT;+tlig;+tnum;+onu
m;"
. - 'italic small caps'  (m/itsc) with NFSS spec.:
. <->"[LinLibertine_RI.otf]:mode=base;script=latn;language=DFLT;+tlig;+tnum;+onu
m;+smcp;+smcp;"-
. 'bold italic' (bx/it) with NFSS spec.:
. <->"[LinLibertine_RBI.otf]:mode=node;script=latn;language=DFLT;+tlig;+tnum;+on
um;"
. - 'bold italic small caps'  (bx/itsc) with NFSS spec.:
. <->"[LinLibertine_RBI.otf]:mode=base;script=latn;language=DFLT;+tlig;+tnum;+on
um;+smcp;+smcp;"
.................................................
luaotfload | load : path lookup of "LinLibertine_R.otf" unsuccessful, falling ba
ck to file:
luaotfload | load : path lookup of "LinLibertine_R.otf" unsuccessful, falling ba
ck to file:
luaotfload | load : path lookup of "LinLibertine_DR.otf" unsuccessful, falling b
ack to file:(compiling luc: /var/lib/texmf/luatex-cache/generic/fonts/otf/linlib
ertine-dr.luc)(load luc: /home/veronica/.texmf-var/luatex-cache/generic/fonts/ot
f/linlibertine-dr.luc)
luaotfload | load : path lookup of "LinLibertine_DR.otf" unsuccessful, falling b
ack to file:
luaotfload | load : path lookup of "LinLibertine_DR.otf" unsuccessful, falling b
ack to file:
luaotfload | load : path lookup of "LinLibertine_DR.otf" unsuccessful, falling b
ack to file:
luaotfload | aux : font no 33 (LinLibertineDisplayO) does not define feature smc
p for script latn with language dflt
luaotfload | aux : no font with id 33
luaotfload | load : path lookup of "LinLibertine_RB.otf" unsuccessful, falling b
ack to file:
luaotfload | load : path lookup of "LinLibertine_RB.otf" unsuccessful, falling b
ack to file:
luaotfload | load : path lookup of "LinLibertine_RI.otf" unsuccessful, falling b
ack to file:
luaotfload | load : path lookup of "LinLibertine_RI.otf" unsuccessful, falling b
ack to file:
luaotfload | load : path lookup of "LinLibertine_RBI.otf" unsuccessful, falling 
back to file:
luaotfload | load : path lookup of "LinLibertine_RBI.otf" unsuccessful, falling 
back to file:
.................................................
. fontspec info: "defining-font"
. 
. Font family 'LinLibertine(4)' created for font 'LinLibertine' with options
. [Ligatures = TeX,Extension =
. .otf,SmallCapsFeatures={Letters=SmallCaps,Renderer=Basic},Numbers =
. {Monospaced,Lining},UprightFont = *_DR,ItalicFont = *_RI,BoldFont =
. *_RB,BoldItalicFont = *_RBI].
. 
. This font family consists of the following NFSS series/shapes:
. - 'normal' (m/n) with NFSS spec.:
. <->"[LinLibertine_DR.otf]:mode=node;script=latn;language=DFLT;+tlig;+tnum;+lnu
m;"
. - 'small caps'  (m/sc) with NFSS spec.: - 'bold' (bx/n) with NFSS spec.:
. <->"[LinLibertine_RB.otf]:mode=node;script=latn;language=DFLT;+tlig;+tnum;+lnu
m;"
. - 'bold small caps'  (bx/sc) with NFSS spec.:
. <->"[LinLibertine_RB.otf]:mode=base;script=latn;language=DFLT;+tlig;+tnum;+lnu
m;+smcp;+smcp;"-
. 'italic' (m/it) with NFSS spec.:
. <->"[LinLibertine_RI.otf]:mode=node;script=latn;language=DFLT;+tlig;+tnum;+lnu
m;"
. - 'italic small caps'  (m/itsc) with NFSS spec.:
. <->"[LinLibertine_RI.otf]:mode=base;script=latn;language=DFLT;+tlig;+tnum;+lnu
m;+smcp;+smcp;"-
. 'bold italic' (bx/it) with NFSS spec.:
. <->"[LinLibertine_RBI.otf]:mode=node;script=latn;language=DFLT;+tlig;+tnum;+ln
um;"
. - 'bold italic small caps'  (bx/itsc) with NFSS spec.:
. <->"[LinLibertine_RBI.otf]:mode=base;script=latn;language=DFLT;+tlig;+tnum;+ln
um;+smcp;+smcp;"
.................................................
luaotfload | load : path lookup of "LinBiolinum_R.otf" unsuccessful, falling bac
k to file:
luaotfload | load : path lookup of "LinBiolinum_R.otf" unsuccessful, falling bac
k to file:
luaotfload | load : path lookup of "LinBiolinum_R.otf" unsuccessful, falling bac
k to file:
luaotfload | load : path lookup of "LinBiolinum_R.otf" unsuccessful, falling bac
k to file:
luaotfload | load : path lookup of "LinBiolinum_RB.otf" unsuccessful, falling ba
ck to file:
luaotfload | load : path lookup of "LinBiolinum_RB.otf" unsuccessful, falling ba
ck to file:
luaotfload | load : path lookup of "LinBiolinum_RI.otf" unsuccessful, falling ba
ck to file:
luaotfload | load : path lookup of "LinBiolinum_RI.otf" unsuccessful, falling ba
ck to file:
luaotfload | load : path lookup of "LinBiolinum_RBO.otf" unsuccessful, falling b
ack to file:
luaotfload | load : path lookup of "LinBiolinum_RBO.otf" unsuccessful, falling b
ack to file:
.................................................
. fontspec info: "defining-font"
. 
. Font family 'LinBiolinum(1)' created for font 'LinBiolinum' with options
. [Ligatures = TeX,Extension =
. .otf,SmallCapsFeatures={Letters=SmallCaps,Renderer=Basic},Numbers =
. {Monospaced, },Scale = 1,UprightFont = *_R,ItalicFont = *_RI,BoldFont =
. *_RB,BoldItalicFont = *_RBO].
. 
. This font family consists of the following NFSS series/shapes:
. - 'normal' (m/n) with NFSS spec.:
. <->s*[1]"[LinBiolinum_R.otf]:mode=node;script=latn;language=DFLT;+tlig;+tnum;"

. - 'small caps'  (m/sc) with NFSS spec.:
. <->s*[1]"[LinBiolinum_R.otf]:mode=base;script=latn;language=DFLT;+tlig;+tnum;+
smcp;+smcp;"-
. 'bold' (bx/n) with NFSS spec.:
. <->s*[1]"[LinBiolinum_RB.otf]:mode=node;script=latn;language=DFLT;+tlig;+tnum;
"
. - 'bold small caps'  (bx/sc) with NFSS spec.:
. <->s*[1]"[LinBiolinum_RB.otf]:mode=base;script=latn;language=DFLT;+tlig;+tnum;
+smcp;+smcp;"-
. 'italic' (m/it) with NFSS spec.:
. <->s*[1]"[LinBiolinum_RI.otf]:mode=node;script=latn;language=DFLT;+tlig;+tnum;
"
. - 'italic small caps'  (m/itsc) with NFSS spec.:
. <->s*[1]"[LinBiolinum_RI.otf]:mode=base;script=latn;language=DFLT;+tlig;+tnum;
+smcp;+smcp;"-
. 'bold italic' (bx/it) with NFSS spec.:
. <->s*[1]"[LinBiolinum_RBO.otf]:mode=node;script=latn;language=DFLT;+tlig;+tnum
;"
. - 'bold italic small caps'  (bx/itsc) with NFSS spec.:
. <->s*[1]"[LinBiolinum_RBO.otf]:mode=base;script=latn;language=DFLT;+tlig;+tnum
;+smcp;+smcp;"
.................................................
luaotfload | load : path lookup of "LinBiolinum_R.otf" unsuccessful, falling bac
k to file:
luaotfload | load : path lookup of "LinBiolinum_R.otf" unsuccessful, falling bac
k to file:
luaotfload | load : path lookup of "LinBiolinum_R.otf" unsuccessful, falling bac
k to file:
luaotfload | load : path lookup of "LinBiolinum_R.otf" unsuccessful, falling bac
k to file:
luaotfload | load : path lookup of "LinBiolinum_RB.otf" unsuccessful, falling ba
ck to file:
luaotfload | load : path lookup of "LinBiolinum_RB.otf" unsuccessful, falling ba
ck to file:
luaotfload | load : path lookup of "LinBiolinum_RI.otf" unsuccessful, falling ba
ck to file:
luaotfload | load : path lookup of "LinBiolinum_RI.otf" unsuccessful, falling ba
ck to file:
luaotfload | load : path lookup of "LinBiolinum_RBO.otf" unsuccessful, falling b
ack to file:
luaotfload | load : path lookup of "LinBiolinum_RBO.otf" unsuccessful, falling b
ack to file:
.................................................
. fontspec info: "defining-font"
. 
. Font family 'LinBiolinum(2)' created for font 'LinBiolinum' with options
. [Ligatures = TeX,Extension =
. .otf,SmallCapsFeatures={Letters=SmallCaps,Renderer=Basic},Numbers =
. {Monospaced, OldStyle},Scale = 1,UprightFont = *_R,ItalicFont =
. *_RI,BoldFont = *_RB,BoldItalicFont = *_RBO].
. 
. This font family consists of the following NFSS series/shapes:
. - 'normal' (m/n) with NFSS spec.:
. <->s*[1]"[LinBiolinum_R.otf]:mode=node;script=latn;language=DFLT;+tlig;+tnum;+
onum;"
. - 'small caps'  (m/sc) with NFSS spec.:
. <->s*[1]"[LinBiolinum_R.otf]:mode=base;script=latn;language=DFLT;+tlig;+tnum;+
onum;+smcp;+smcp;"-
. 'bold' (bx/n) with NFSS spec.:
. <->s*[1]"[LinBiolinum_RB.otf]:mode=node;script=latn;language=DFLT;+tlig;+tnum;
+onum;"
. - 'bold small caps'  (bx/sc) with NFSS spec.:
. <->s*[1]"[LinBiolinum_RB.otf]:mode=base;script=latn;language=DFLT;+tlig;+tnum;
+onum;+smcp;+smcp;"-
. 'italic' (m/it) with NFSS spec.:
. <->s*[1]"[LinBiolinum_RI.otf]:mode=node;script=latn;language=DFLT;+tlig;+tnum;
+onum;"
. - 'italic small caps'  (m/itsc) with NFSS spec.:
. <->s*[1]"[LinBiolinum_RI.otf]:mode=base;script=latn;language=DFLT;+tlig;+tnum;
+onum;+smcp;+smcp;"-
. 'bold italic' (bx/it) with NFSS spec.:
. <->s*[1]"[LinBiolinum_RBO.otf]:mode=node;script=latn;language=DFLT;+tlig;+tnum
;+onum;"
. - 'bold italic small caps'  (bx/itsc) with NFSS spec.:
. <->s*[1]"[LinBiolinum_RBO.otf]:mode=base;script=latn;language=DFLT;+tlig;+tnum
;+onum;+smcp;+smcp;"
.................................................
luaotfload | load : path lookup of "LinBiolinum_R.otf" unsuccessful, falling bac
k to file:
luaotfload | load : path lookup of "LinBiolinum_R.otf" unsuccessful, falling bac
k to file:
luaotfload | load : path lookup of "LinBiolinum_R.otf" unsuccessful, falling bac
k to file:
luaotfload | load : path lookup of "LinBiolinum_R.otf" unsuccessful, falling bac
k to file:
luaotfload | load : path lookup of "LinBiolinum_RB.otf" unsuccessful, falling ba
ck to file:
luaotfload | load : path lookup of "LinBiolinum_RB.otf" unsuccessful, falling ba
ck to file:
luaotfload | load : path lookup of "LinBiolinum_RI.otf" unsuccessful, falling ba
ck to file:
luaotfload | load : path lookup of "LinBiolinum_RI.otf" unsuccessful, falling ba
ck to file:
luaotfload | load : path lookup of "LinBiolinum_RBO.otf" unsuccessful, falling b
ack to file:
luaotfload | load : path lookup of "LinBiolinum_RBO.otf" unsuccessful, falling b
ack to file:
.................................................
. fontspec info: "defining-font"
. 
. Font family 'LinBiolinum(3)' created for font 'LinBiolinum' with options
. [Ligatures = TeX,Extension =
. .otf,SmallCapsFeatures={Letters=SmallCaps,Renderer=Basic},Numbers =
. {Monospaced},Scale = 1,UprightFont = *_R,ItalicFont = *_RI,BoldFont =
. *_RB,BoldItalicFont = *_RBO].
. 
. This font family consists of the following NFSS series/shapes:
. - 'normal' (m/n) with NFSS spec.:
. <->s*[1]"[LinBiolinum_R.otf]:mode=node;script=latn;language=DFLT;+tlig;+tnum;"

. - 'small caps'  (m/sc) with NFSS spec.:
. <->s*[1]"[LinBiolinum_R.otf]:mode=base;script=latn;language=DFLT;+tlig;+tnum;+
smcp;+smcp;"-
. 'bold' (bx/n) with NFSS spec.:
. <->s*[1]"[LinBiolinum_RB.otf]:mode=node;script=latn;language=DFLT;+tlig;+tnum;
"
. - 'bold small caps'  (bx/sc) with NFSS spec.:
. <->s*[1]"[LinBiolinum_RB.otf]:mode=base;script=latn;language=DFLT;+tlig;+tnum;
+smcp;+smcp;"-
. 'italic' (m/it) with NFSS spec.:
. <->s*[1]"[LinBiolinum_RI.otf]:mode=node;script=latn;language=DFLT;+tlig;+tnum;
"
. - 'italic small caps'  (m/itsc) with NFSS spec.:
. <->s*[1]"[LinBiolinum_RI.otf]:mode=base;script=latn;language=DFLT;+tlig;+tnum;
+smcp;+smcp;"-
. 'bold italic' (bx/it) with NFSS spec.:
. <->s*[1]"[LinBiolinum_RBO.otf]:mode=node;script=latn;language=DFLT;+tlig;+tnum
;"
. - 'bold italic small caps'  (bx/itsc) with NFSS spec.:
. <->s*[1]"[LinBiolinum_RBO.otf]:mode=base;script=latn;language=DFLT;+tlig;+tnum
;+smcp;+smcp;"
.................................................
luaotfload | load : path lookup of "LinLibertine_M.otf" unsuccessful, falling ba
ck to file:(compiling luc: /var/lib/texmf/luatex-cache/generic/fonts/otf/linlibe
rtine-m.luc)(load luc: /home/veronica/.texmf-var/luatex-cache/generic/fonts/otf/
linlibertine-m.luc)
luaotfload | load : path lookup of "LinLibertine_M.otf" unsuccessful, falling ba
ck to file:
luaotfload | load : path lookup of "LinLibertine_M.otf" unsuccessful, falling ba
ck to file:
luaotfload | load : path lookup of "LinLibertine_M.otf" unsuccessful, falling ba
ck to file:
luaotfload | aux : font no 34 (LinLibertineMO) does not define feature smcp for 
script latn with language dflt
luaotfload | aux : no font with id 34
luaotfload | load : path lookup of "LinLibertine_MB.otf" unsuccessful, falling b
ack to file:(compiling luc: /var/lib/texmf/luatex-cache/generic/fonts/otf/linlib
ertine-mb.luc)(load luc: /home/veronica/.texmf-var/luatex-cache/generic/fonts/ot
f/linlibertine-mb.luc)
luaotfload | load : path lookup of "LinLibertine_MB.otf" unsuccessful, falling b
ack to file:
luaotfload | aux : font no 35 (LinLibertineMOB) does not define feature smcp for
 script latn with language dflt
luaotfload | aux : no font with id 35
luaotfload | load : path lookup of "LinLibertine_MO.otf" unsuccessful, falling b
ack to file:(compiling luc: /var/lib/texmf/luatex-cache/generic/fonts/otf/linlib
ertine-mo.luc)(load luc: /home/veronica/.texmf-var/luatex-cache/generic/fonts/ot
f/linlibertine-mo.luc)
luaotfload | load : path lookup of "LinLibertine_MO.otf" unsuccessful, falling b
ack to file:
luaotfload | aux : font no 36 (LinLibertineMOO) does not define feature smcp for
 script latn with language dflt
luaotfload | aux : no font with id 36
luaotfload | load : path lookup of "LinLibertine_MBO.otf" unsuccessful, falling 
back to file:(compiling luc: /var/lib/texmf/luatex-cache/generic/fonts/otf/linli
bertine-mbo.luc)(load luc: /home/veronica/.texmf-var/luatex-cache/generic/fonts/
otf/linlibertine-mbo.luc)
luaotfload | load : path lookup of "LinLibertine_MBO.otf" unsuccessful, falling 
back to file:
luaotfload | aux : font no 37 (LinLibertineMOBO) does not define feature smcp fo
r script latn with language dflt
luaotfload | aux : no font with id 37
.................................................
. fontspec info: "defining-font"
. 
. Font family 'LinLibertine(5)' created for font 'LinLibertine' with options
. [Extension = .otf,WordSpace={1,0,0},PunctuationSpace=WordSpace,Scale =
. 1,UprightFont = *_M,ItalicFont = *_MO,BoldFont = *_MB,BoldItalicFont =
. *_MBO].
. 
. This font family consists of the following NFSS series/shapes:
. - 'normal' (m/n) with NFSS spec.:
. <->s*[1]"[LinLibertine_M.otf]:mode=node;script=latn;language=DFLT;"
. - 'small caps'  (m/sc) with NFSS spec.: 
. and font adjustment code:
. \fontdimen 2\font =1\fontdimen 2\font \fontdimen 3\font =0\fontdimen 3\font
. \fontdimen 4\font =0\fontdimen 4\font \fontdimen 7\font =0\fontdimen 2\font
. - 'bold' (bx/n) with NFSS spec.:
. <->s*[1]"[LinLibertine_MB.otf]:mode=node;script=latn;language=DFLT;"
. - 'bold small caps'  (bx/sc) with NFSS spec.: 
. and font adjustment code:
. \fontdimen 2\font =1\fontdimen 2\font \fontdimen 3\font =0\fontdimen 3\font
. \fontdimen 4\font =0\fontdimen 4\font \fontdimen 7\font =0\fontdimen 2\font
. - 'italic' (m/it) with NFSS spec.:
. <->s*[1]"[LinLibertine_MO.otf]:mode=node;script=latn;language=DFLT;"
. - 'italic small caps'  (m/itsc) with NFSS spec.: 
. and font adjustment code:
. \fontdimen 2\font =1\fontdimen 2\font \fontdimen 3\font =0\fontdimen 3\font
. \fontdimen 4\font =0\fontdimen 4\font \fontdimen 7\font =0\fontdimen 2\font
. - 'bold italic' (bx/it) with NFSS spec.:
. <->s*[1]"[LinLibertine_MBO.otf]:mode=node;script=latn;language=DFLT;"
. - 'bold italic small caps'  (bx/itsc) with NFSS spec.: 
. and font adjustment code:
. \fontdimen 2\font =1\fontdimen 2\font \fontdimen 3\font =0\fontdimen 3\font
. \fontdimen 4\font =0\fontdimen 4\font \fontdimen 7\font =0\fontdimen 2\font 
.................................................
luaotfload | load : path lookup of "LinLibertine_M.otf" unsuccessful, falling ba
ck to file:
luaotfload | load : path lookup of "LinLibertine_M.otf" unsuccessful, falling ba
ck to file:
luaotfload | load : path lookup of "LinLibertine_M.otf" unsuccessful, falling ba
ck to file:
luaotfload | load : path lookup of "LinLibertine_M.otf" unsuccessful, falling ba
ck to file:
luaotfload | aux : font no 34 (LinLibertineMO) does not define feature smcp for 
script latn with language dflt
luaotfload | aux : no font with id 34
luaotfload | load : path lookup of "LinLibertine_MB.otf" unsuccessful, falling b
ack to file:
luaotfload | load : path lookup of "LinLibertine_MB.otf" unsuccessful, falling b
ack to file:
luaotfload | aux : font no 35 (LinLibertineMOB) does not define feature smcp for
 script latn with language dflt
luaotfload | aux : no font with id 35
luaotfload | load : path lookup of "LinLibertine_MO.otf" unsuccessful, falling b
ack to file:
luaotfload | load : path lookup of "LinLibertine_MO.otf" unsuccessful, falling b
ack to file:
luaotfload | aux : font no 36 (LinLibertineMOO) does not define feature smcp for
 script latn with language dflt
luaotfload | aux : no font with id 36
luaotfload | load : path lookup of "LinLibertine_MBO.otf" unsuccessful, falling 
back to file:
luaotfload | load : path lookup of "LinLibertine_MBO.otf" unsuccessful, falling 
back to file:
luaotfload | aux : font no 37 (LinLibertineMOBO) does not define feature smcp fo
r script latn with language dflt
luaotfload | aux : no font with id 37
.................................................
. fontspec info: "defining-font"
. 
. Font family 'LinLibertine(6)' created for font 'LinLibertine' with options
. [Extension = .otf,Scale = 1,UprightFont = *_M,ItalicFont = *_MO,BoldFont =
. *_MB,BoldItalicFont = *_MBO].
. 
. This font family consists of the following NFSS series/shapes:
. - 'normal' (m/n) with NFSS spec.:
. <->s*[1]"[LinLibertine_M.otf]:mode=node;script=latn;language=DFLT;"
. - 'small caps'  (m/sc) with NFSS spec.: - 'bold' (bx/n) with NFSS spec.:
. <->s*[1]"[LinLibertine_MB.otf]:mode=node;script=latn;language=DFLT;"
. - 'bold small caps'  (bx/sc) with NFSS spec.: - 'italic' (m/it) with NFSS
. spec.: <->s*[1]"[LinLibertine_MO.otf]:mode=node;script=latn;language=DFLT;"
. - 'italic small caps'  (m/itsc) with NFSS spec.: - 'bold italic' (bx/it)
. with NFSS spec.:
. <->s*[1]"[LinLibertine_MBO.otf]:mode=node;script=latn;language=DFLT;"
. - 'bold italic small caps'  (bx/itsc) with NFSS spec.: 
.................................................
luaotfload | load : path lookup of "LinBiolinum_K.otf" unsuccessful, falling bac
k to file:(compiling luc: /var/lib/texmf/luatex-cache/generic/fonts/otf/linbioli
num-k.luc)(load luc: /home/veronica/.texmf-var/luatex-cache/generic/fonts/otf/li
nbiolinum-k.luc)
luaotfload | load : path lookup of "LinBiolinum_K.otf" unsuccessful, falling bac
k to file:
\g__fontspec_family_LinBiolinum_K_int=\count126
luaotfload | load : path lookup of "LinBiolinum_K.otf" unsuccessful, falling bac
k to file:
luaotfload | load : path lookup of "LinBiolinum_K.otf" unsuccessful, falling bac
k to file:
.................................................
. fontspec info: "defining-font"
. 
. Font family 'LinBiolinum_K(0)' created for font 'LinBiolinum_K' with options
. [Extension = .otf,BoldFont={},ItalicFont={},SmallCapsFont={}].
. 
. This font family consists of the following NFSS series/shapes:
. - 'normal' (m/n) with NFSS spec.:
. <->"[LinBiolinum_K.otf]:mode=node;script=latn;language=DFLT;"
. - 'small caps'  (m/sc) with NFSS spec.: 
.................................................
luaotfload | load : path lookup of "LinLibertine_I.otf" unsuccessful, falling ba
ck to file:(compiling luc: /var/lib/texmf/luatex-cache/generic/fonts/otf/linlibe
rtine-i.luc)(load luc: /home/veronica/.texmf-var/luatex-cache/generic/fonts/otf/
linlibertine-i.luc)
luaotfload | load : path lookup of "LinLibertine_I.otf" unsuccessful, falling ba
ck to file:
\g__fontspec_family_LinLibertine_I_int=\count127
luaotfload | load : path lookup of "LinLibertine_I.otf" unsuccessful, falling ba
ck to file:
luaotfload | load : path lookup of "LinLibertine_I.otf" unsuccessful, falling ba
ck to file:
.................................................
. fontspec info: "defining-font"
. 
. Font family 'LinLibertine_I(0)' created for font 'LinLibertine_I' with
. options [Extension = .otf,BoldFont={},ItalicFont={},SmallCapsFont={}].
. 
. This font family consists of the following NFSS series/shapes:
. - 'normal' (m/n) with NFSS spec.:
. <->"[LinLibertine_I.otf]:mode=node;script=latn;language=DFLT;"
. - 'small caps'  (m/sc) with NFSS spec.: 
.................................................
LaTeX Info: Redefining \oldstylenums on input line 458.
LaTeX Info: Redefining \liningnums on input line 459.
luaotfload | load : path lookup of "LinLibertine_R.otf" unsuccessful, falling ba
ck to file:
luaotfload | load : path lookup of "LinLibertine_R.otf" unsuccessful, falling ba
ck to file:
luaotfload | load : path lookup of "LinLibertine_R.otf" unsuccessful, falling ba
ck to file:
luaotfload | load : path lookup of "LinLibertine_R.otf" unsuccessful, falling ba
ck to file:
luaotfload | load : path lookup of "LinLibertine_RB.otf" unsuccessful, falling b
ack to file:
luaotfload | load : path lookup of "LinLibertine_RB.otf" unsuccessful, falling b
ack to file:
luaotfload | load : path lookup of "LinLibertine_RI.otf" unsuccessful, falling b
ack to file:
luaotfload | load : path lookup of "LinLibertine_RI.otf" unsuccessful, falling b
ack to file:
luaotfload | load : path lookup of "LinLibertine_RBI.otf" unsuccessful, falling 
back to file:
luaotfload | load : path lookup of "LinLibertine_RBI.otf" unsuccessful, falling 
back to file:
.................................................
. fontspec info: "defining-font"
. 
. Font family 'LinLibertine(7)' created for font 'LinLibertine' with options
. [Extension = .otf,Numbers = {Monospaced,Lining},UprightFont = *_R,ItalicFont
. = *_RI,BoldFont = *_RB,BoldItalicFont = *_RBI].
. 
. This font family consists of the following NFSS series/shapes:
. - 'normal' (m/n) with NFSS spec.:
. <->"[LinLibertine_R.otf]:mode=node;script=latn;language=DFLT;+tnum;+lnum;"
. - 'small caps'  (m/sc) with NFSS spec.:
. <->"[LinLibertine_R.otf]:mode=node;script=latn;language=DFLT;+tnum;+lnum;+smcp
;"-
. 'bold' (bx/n) with NFSS spec.:
. <->"[LinLibertine_RB.otf]:mode=node;script=latn;language=DFLT;+tnum;+lnum;"
. - 'bold small caps'  (bx/sc) with NFSS spec.:
. <->"[LinLibertine_RB.otf]:mode=node;script=latn;language=DFLT;+tnum;+lnum;+smc
p;"-
. 'italic' (m/it) with NFSS spec.:
. <->"[LinLibertine_RI.otf]:mode=node;script=latn;language=DFLT;+tnum;+lnum;"
. - 'italic small caps'  (m/itsc) with NFSS spec.:
. <->"[LinLibertine_RI.otf]:mode=node;script=latn;language=DFLT;+tnum;+lnum;+smc
p;"-
. 'bold italic' (bx/it) with NFSS spec.:
. <->"[LinLibertine_RBI.otf]:mode=node;script=latn;language=DFLT;+tnum;+lnum;"
. - 'bold italic small caps'  (bx/itsc) with NFSS spec.:
. <->"[LinLibertine_RBI.otf]:mode=node;script=latn;language=DFLT;+tnum;+lnum;+sm
cp;"
.................................................
luaotfload | load : path lookup of "LinLibertine_R.otf" unsuccessful, falling ba
ck to file:
luaotfload | load : path lookup of "LinLibertine_R.otf" unsuccessful, falling ba
ck to file:
luaotfload | load : path lookup of "LinLibertine_R.otf" unsuccessful, falling ba
ck to file:
luaotfload | load : path lookup of "LinLibertine_R.otf" unsuccessful, falling ba
ck to file:
luaotfload | load : path lookup of "LinLibertine_RB.otf" unsuccessful, falling b
ack to file:
luaotfload | load : path lookup of "LinLibertine_RB.otf" unsuccessful, falling b
ack to file:
luaotfload | load : path lookup of "LinLibertine_RI.otf" unsuccessful, falling b
ack to file:
luaotfload | load : path lookup of "LinLibertine_RI.otf" unsuccessful, falling b
ack to file:
luaotfload | load : path lookup of "LinLibertine_RBI.otf" unsuccessful, falling 
back to file:
luaotfload | load : path lookup of "LinLibertine_RBI.otf" unsuccessful, falling 
back to file:
.................................................
. fontspec info: "defining-font"
. 
. Font family 'LinLibertine(8)' created for font 'LinLibertine' with options
. [Extension = .otf,Numbers = {Proportional,Lining},UprightFont =
. *_R,ItalicFont = *_RI,BoldFont = *_RB,BoldItalicFont = *_RBI].
. 
. This font family consists of the following NFSS series/shapes:
. - 'normal' (m/n) with NFSS spec.:
. <->"[LinLibertine_R.otf]:mode=node;script=latn;language=DFLT;+pnum;+lnum;"
. - 'small caps'  (m/sc) with NFSS spec.:
. <->"[LinLibertine_R.otf]:mode=node;script=latn;language=DFLT;+pnum;+lnum;+smcp
;"-
. 'bold' (bx/n) with NFSS spec.:
. <->"[LinLibertine_RB.otf]:mode=node;script=latn;language=DFLT;+pnum;+lnum;"
. - 'bold small caps'  (bx/sc) with NFSS spec.:
. <->"[LinLibertine_RB.otf]:mode=node;script=latn;language=DFLT;+pnum;+lnum;+smc
p;"-
. 'italic' (m/it) with NFSS spec.:
. <->"[LinLibertine_RI.otf]:mode=node;script=latn;language=DFLT;+pnum;+lnum;"
. - 'italic small caps'  (m/itsc) with NFSS spec.:
. <->"[LinLibertine_RI.otf]:mode=node;script=latn;language=DFLT;+pnum;+lnum;+smc
p;"-
. 'bold italic' (bx/it) with NFSS spec.:
. <->"[LinLibertine_RBI.otf]:mode=node;script=latn;language=DFLT;+pnum;+lnum;"
. - 'bold italic small caps'  (bx/itsc) with NFSS spec.:
. <->"[LinLibertine_RBI.otf]:mode=node;script=latn;language=DFLT;+pnum;+lnum;+sm
cp;"
.................................................
luaotfload | load : path lookup of "LinBiolinum_R.otf" unsuccessful, falling bac
k to file:
luaotfload | load : path lookup of "LinBiolinum_R.otf" unsuccessful, falling bac
k to file:
luaotfload | load : path lookup of "LinBiolinum_R.otf" unsuccessful, falling bac
k to file:
luaotfload | load : path lookup of "LinBiolinum_R.otf" unsuccessful, falling bac
k to file:
luaotfload | load : path lookup of "LinBiolinum_RB.otf" unsuccessful, falling ba
ck to file:
luaotfload | load : path lookup of "LinBiolinum_RB.otf" unsuccessful, falling ba
ck to file:
luaotfload | load : path lookup of "LinBiolinum_RI.otf" unsuccessful, falling ba
ck to file:
luaotfload | load : path lookup of "LinBiolinum_RI.otf" unsuccessful, falling ba
ck to file:
luaotfload | load : path lookup of "LinBiolinum_RBO.otf" unsuccessful, falling b
ack to file:
luaotfload | load : path lookup of "LinBiolinum_RBO.otf" unsuccessful, falling b
ack to file:
.................................................
. fontspec info: "defining-font"
. 
. Font family 'LinBiolinum(4)' created for font 'LinBiolinum' with options
. [Extension = .otf,Numbers = {Monospaced,},Scale = 1,UprightFont =
. *_R,ItalicFont = *_RI,BoldFont = *_RB,BoldItalicFont = *_RBO].
. 
. This font family consists of the following NFSS series/shapes:
. - 'normal' (m/n) with NFSS spec.:
. <->s*[1]"[LinBiolinum_R.otf]:mode=node;script=latn;language=DFLT;+tnum;"
. - 'small caps'  (m/sc) with NFSS spec.:
. <->s*[1]"[LinBiolinum_R.otf]:mode=node;script=latn;language=DFLT;+tnum;+smcp;"
-
. 'bold' (bx/n) with NFSS spec.:
. <->s*[1]"[LinBiolinum_RB.otf]:mode=node;script=latn;language=DFLT;+tnum;"
. - 'bold small caps'  (bx/sc) with NFSS spec.:
. <->s*[1]"[LinBiolinum_RB.otf]:mode=node;script=latn;language=DFLT;+tnum;+smcp;
"-
. 'italic' (m/it) with NFSS spec.:
. <->s*[1]"[LinBiolinum_RI.otf]:mode=node;script=latn;language=DFLT;+tnum;"
. - 'italic small caps'  (m/itsc) with NFSS spec.:
. <->s*[1]"[LinBiolinum_RI.otf]:mode=node;script=latn;language=DFLT;+tnum;+smcp;
"-
. 'bold italic' (bx/it) with NFSS spec.:
. <->s*[1]"[LinBiolinum_RBO.otf]:mode=node;script=latn;language=DFLT;+tnum;"
. - 'bold italic small caps'  (bx/itsc) with NFSS spec.:
. <->s*[1]"[LinBiolinum_RBO.otf]:mode=node;script=latn;language=DFLT;+tnum;+smcp
;"
.................................................
luaotfload | load : path lookup of "LinBiolinum_R.otf" unsuccessful, falling bac
k to file:
luaotfload | load : path lookup of "LinBiolinum_R.otf" unsuccessful, falling bac
k to file:
luaotfload | load : path lookup of "LinBiolinum_R.otf" unsuccessful, falling bac
k to file:
luaotfload | load : path lookup of "LinBiolinum_R.otf" unsuccessful, falling bac
k to file:
luaotfload | load : path lookup of "LinBiolinum_RB.otf" unsuccessful, falling ba
ck to file:
luaotfload | load : path lookup of "LinBiolinum_RB.otf" unsuccessful, falling ba
ck to file:
luaotfload | load : path lookup of "LinBiolinum_RI.otf" unsuccessful, falling ba
ck to file:
luaotfload | load : path lookup of "LinBiolinum_RI.otf" unsuccessful, falling ba
ck to file:
luaotfload | load : path lookup of "LinBiolinum_RBO.otf" unsuccessful, falling b
ack to file:
luaotfload | load : path lookup of "LinBiolinum_RBO.otf" unsuccessful, falling b
ack to file:
.................................................
. fontspec info: "defining-font"
. 
. Font family 'LinBiolinum(5)' created for font 'LinBiolinum' with options
. [Extension = .otf,Numbers = {Proportional,},Scale = 1,UprightFont =
. *_R,ItalicFont = *_RI,BoldFont = *_RB,BoldItalicFont = *_RBO].
. 
. This font family consists of the following NFSS series/shapes:
. - 'normal' (m/n) with NFSS spec.:
. <->s*[1]"[LinBiolinum_R.otf]:mode=node;script=latn;language=DFLT;+pnum;"
. - 'small caps'  (m/sc) with NFSS spec.:
. <->s*[1]"[LinBiolinum_R.otf]:mode=node;script=latn;language=DFLT;+pnum;+smcp;"
-
. 'bold' (bx/n) with NFSS spec.:
. <->s*[1]"[LinBiolinum_RB.otf]:mode=node;script=latn;language=DFLT;+pnum;"
. - 'bold small caps'  (bx/sc) with NFSS spec.:
. <->s*[1]"[LinBiolinum_RB.otf]:mode=node;script=latn;language=DFLT;+pnum;+smcp;
"-
. 'italic' (m/it) with NFSS spec.:
. <->s*[1]"[LinBiolinum_RI.otf]:mode=node;script=latn;language=DFLT;+pnum;"
. - 'italic small caps'  (m/itsc) with NFSS spec.:
. <->s*[1]"[LinBiolinum_RI.otf]:mode=node;script=latn;language=DFLT;+pnum;+smcp;
"-
. 'bold italic' (bx/it) with NFSS spec.:
. <->s*[1]"[LinBiolinum_RBO.otf]:mode=node;script=latn;language=DFLT;+pnum;"
. - 'bold italic small caps'  (bx/itsc) with NFSS spec.:
. <->s*[1]"[LinBiolinum_RBO.otf]:mode=node;script=latn;language=DFLT;+pnum;+smcp
;"
.................................................

(/usr/share/texlive/texmf-dist/tex/latex/libertine/LinLibertine_R.tex)
(/usr/share/texlive/texmf-dist/tex/latex/libertine/LinBiolinum_R.tex)
(/usr/share/texlive/texmf-dist/tex/latex/libertine/LinBiolinum_K.tex)
(/usr/share/texlive/texmf-dist/tex/latex/libertine/LinLibertine_I.tex)
(/usr/share/texlive/texmf-dist/tex/latex/libertine/LKey.tex))
(/usr/local/share/texmf/tex/lualatex/gregoriotex/gregoriotex.sty
Package: gregoriotex 2017/04/16 v5.0.1 GregorioTeX system.

(/usr/share/texlive/texmf-dist/tex/latex/xcolor/xcolor.sty
Package: xcolor 2007/01/21 v2.11 LaTeX color extensions (UK)

(/usr/share/texlive/texmf-dist/tex/latex/latexconfig/color.cfg
File: color.cfg 2007/01/18 v1.5 color configuration of teTeX/TeXLive
)
Package xcolor Info: Driver file: pdftex.def on input line 225.
Package xcolor Info: Model `cmy' substituted by `cmy0' on input line 1337.
Package xcolor Info: Model `hsb' substituted by `rgb' on input line 1341.
Package xcolor Info: Model `RGB' extended on input line 1353.
Package xcolor Info: Model `HTML' substituted by `rgb' on input line 1355.
Package xcolor Info: Model `Hsb' substituted by `hsb' on input line 1356.
Package xcolor Info: Model `tHsb' substituted by `hsb' on input line 1357.
Package xcolor Info: Model `HSB' substituted by `hsb' on input line 1358.
Package xcolor Info: Model `Gray' substituted by `gray' on input line 1359.
Package xcolor Info: Model `wave' substituted by `hsb' on input line 1360.
)
(/usr/share/texlive/texmf-dist/tex/latex/oberdiek/kvoptions.sty
Package: kvoptions 2011/06/30 v3.11 Key value format for package options (HO)

(/usr/share/texlive/texmf-dist/tex/generic/oberdiek/kvsetkeys.sty
Package: kvsetkeys 2012/04/25 v1.16 Key value parser (HO)

(/usr/share/texlive/texmf-dist/tex/generic/oberdiek/etexcmds.sty
Package: etexcmds 2011/02/16 v1.5 Avoid name clashes with e-TeX commands (HO)
)))
(/usr/share/texlive/texmf-dist/tex/luatex/luatexbase/luatexbase.sty
Package: luatexbase 2015/10/04 v1.3 luatexbase interface to LuaTeX 

(/usr/share/texlive/texmf-dist/tex/luatex/ctablestack/ctablestack.sty
Package: ctablestack 2015/10/01 v1.0 Catcode table stable support
\@catcodetablestackcnt=\count128
)
\CatcodeTableOther=\catcodetable6
\CatcodeTableExpl=\catcodetable7
)
(/usr/share/texlive/texmf-dist/tex/luatex/luamplib/luamplib.sty
Package: luamplib 2016/01/02 v2.11.2 mplib package for LuaTeX
Lua module: luamplib 2016/01/02 2.11.2 Lua package to typeset Metapost with LuaT
eX's MPLib.
\mplibstartlineno=\count129
\everymplibtoks=\toks18
\everyendmplibtoks=\toks19
\mplibscratchbox=\box41
)
(/usr/share/texlive/texmf-dist/tex/generic/xstring/xstring.sty
(/usr/share/texlive/texmf-dist/tex/generic/xstring/xstring.tex
\@xs@message=\write3
\integerpart=\count130
\decimalpart=\count131
)
Package: xstring 2013/10/13  v1.7c  String manipulations (C Tellechea)
)
(/usr/local/share/texmf/tex/luatex/gregoriotex/gregoriotex-main.tex
(/usr/local/share/texmf/tex/luatex/gregoriotex/gregoriotex-common.tex)
\gre@attr@dash=\attribute5
\gre@attr@center=\attribute6
\GreScoreId=\attribute7
\gre@attr@glyph@id=\attribute8
\gre@attr@glyph@top=\attribute9
\gre@attr@glyph@bottom=\attribute10
\gre@attr@syllable@id=\attribute11
\gre@atletter=\catcodetable8
Lua module: gregoriotex 2017/04/16 5.0.1 GregorioTeX module.
Custom whatsit marker = 1
Module gregoriotex Info: marker whatsit id is 1 on input line 131

(verbumadvent.gaux)
Module gregoriotex Info: Reading verbumadvent.gaux on input line 135
Inserting `gregoriotex.write_greaux' at position 1 in `finish_pdffile'.
\gre@gaux=\write4
\gre@factor=\count132

(/usr/local/share/texmf/tex/luatex/gregoriotex/gregoriotex-spaces.tex
\gre@hyphenpenaltysave=\count133
\gre@exhyphenpenaltysave=\count134
\gre@doublehyphendemeritssave=\count135
\gre@finalhyphendemeritssave=\count136
\gre@brokenpenaltysave=\count137
\gre@loosenesssave=\count138
\gre@tolerancesave=\count139
\gre@pretolerancesave=\count140
\gre@emergencystretchsave=\skip49
\gre@widowpenaltysave=\count141
\gre@clubpenaltysave=\count142
\gre@saved@parskip=\skip50
\gre@saved@lineskip=\skip51
\gre@saved@baselineskip=\skip52
\gre@saved@lineskiplimit=\skip53
\gre@dimen@textlower=\dimen139
\gre@dimen@stafflinewidth=\dimen140
\gre@dimen@linewidth=\dimen141
\gre@dimen@stafflineheight=\dimen142
\gre@dimen@interstafflinespace=\dimen143
\gre@dimen@stafflinediff=\dimen144
\gre@dimen@constantglyphraise=\dimen145
\gre@dimen@staffheight=\dimen146
\gre@skip@syllablefinalskip=\skip54
\gre@skip@minTextDistance=\skip55
\gre@skip@minNotesDistance=\skip56
\gre@dimen@curTextDistance=\dimen147
\gre@dimen@curNotesDistance=\dimen148
\gre@skip@minShiftText=\skip57
\gre@skip@minShiftNotes=\skip58
\gre@dimen@bolshift=\dimen149
\gre@dimen@bolextra=\dimen150
\gre@dimen@clefwidth@current=\dimen151
\gre@dimen@clefwidth@largest=\dimen152
\gre@dimen@clefwidth@bol=\dimen153
\gre@dimen@eolshift=\dimen154
\gre@dimen@glyphraisevalue=\dimen155
\gre@dimen@additionalbottomspace=\dimen156
\gre@dimen@additionaltopspace=\dimen157
\gre@dimen@additionaltopspacealt=\dimen158
\gre@dimen@additionaltopspacenabc=\dimen159
\gre@saved@dimen@additionalbottomspace=\dimen160
\gre@saved@dimen@additionaltopspace=\dimen161
\gre@saved@dimen@additionaltopspacealt=\dimen162
\gre@saved@dimen@additionaltopspacenabc=\dimen163
\gre@saved@dimen@currenttranslationheight=\dimen164
\gre@saved@dimen@textlower=\dimen165
\gre@saved@dimen@currentabovelinestextheight=\dimen166
\gre@saved@dimen@constantglyphraise=\dimen167
\gre@space@count@additionaltopspacethreshold=\count143
\gre@space@count@additionaltopspacealtthreshold=\count144
\gre@space@count@additionaltopspacenabcthreshold=\count145
\gre@space@count@noteadditionalspacelinestextthreshold=\count146
\gre@dimen@textaligncenter=\dimen168
\gre@dimen@enddifference=\dimen169
\gre@dimen@previousenddifference=\dimen170
\gre@dimen@currenttranslationheight=\dimen171
\gre@skip@nextbegindifference=\skip59
\gre@dimen@annotationtrueraise=\dimen172
\gre@dimen@commentarytrueraise=\dimen173
\gre@skip@bar@requirement=\skip60
\gre@skip@bar@allocation=\skip61
\gre@dimen@bar@shift=\dimen174
\gre@skip@text@requirement=\skip62
\gre@skip@text@allocation=\skip63
\gre@dimen@text@shift=\dimen175
\gre@dimen@adjustedpreviousenddifference=\dimen176
\gre@skip@adjustednextbegindifference=\dimen177
\gre@skip@punctummorashift=\skip64
\gre@skip@alterationshift=\skip65
\gre@dimen@begindifference=\dimen178
\gre@dimen@lastglyphwidth=\dimen179
\gre@dimen@notesaligncenter=\dimen180
\gre@dimen@additionalleftspace=\dimen181
\gre@dimen@initialwidth=\dimen182
\gre@dimen@currentabovelinestextheight=\dimen183
\gre@dimen@temp@one=\dimen184
\gre@dimen@temp@two=\dimen185
\gre@dimen@temp@three=\dimen186
\gre@dimen@temp@four=\dimen187
\gre@dimen@temp@five=\dimen188
\gre@skip@temp@one=\skip66
\gre@skip@temp@two=\skip67
\gre@skip@temp@three=\skip68
\gre@skip@temp@four=\skip69
\gre@count@temp@one=\count147
\gre@count@temp@two=\count148
\gre@count@temp@three=\count149
\gre@space@count@newlinepenalty=\count150
\gre@space@count@nobreakpenalty=\count151
\gre@space@count@endofwordpenalty=\count152
\gre@space@count@endofsyllablepenalty=\count153
\gre@space@count@endafterbarpenalty=\count154
\gre@space@count@endafterbaraltpenalty=\count155
\gre@space@count@finalpenalty=\count156
\gre@space@count@endofelementpenalty=\count157
\gre@space@count@hyphenpenalty=\count158
\gre@space@count@brokenpenalty=\count159
\gre@space@count@looseness=\count160
\gre@space@count@tolerance=\count161
\gre@space@count@pretolerance=\count162
\gre@space@count@widowpenalty=\count163
\gre@space@count@clubpenalty=\count164
\greconffactor=\count165
)
\gre@box@temp@width=\box42
\gre@box@initial=\box43
\gre@biginitial=\count166
\gre@knownline=\count167
\gre@box@annotation=\box44
\gre@box@add=\box45
\gre@box@old=\box46
\gre@count@annotationvalign=\count168
\gre@box@commentary=\box47
\gre@box@lines=\box48
Module gregoriotex Info: Registering variant font greciliae as gre@font@variant@
A. on input line 990
Module gregoriotex Info: Registering variant font greciliae-hollow as gre@font@v
ariant@B. on input line 990
Module gregoriotex Info: Registering variant font greciliae-hole as gre@font@var
iant@C. on input line 990
luaotfload | cache : Lookup cache loaded from /home/veronica/.texmf-var/luatex-c
ache/generic/names/luaotfload-lookup-cache.luc.
luaotfload | load : Lookup/name: "greciliae" -> "greciliae.ttf"(compiling luc: /
var/lib/texmf/luatex-cache/generic/fonts/otf/greciliae.luc)(load luc: /home/vero
nica/.texmf-var/luatex-cache/generic/fonts/otf/greciliae.luc)
luaotfload | load : Lookup/name: "greciliae-hollow" -> "greciliae-hollow.ttf"(co
mpiling luc: /var/lib/texmf/luatex-cache/generic/fonts/otf/greciliae-hollow.luc)
(load luc: /home/veronica/.texmf-var/luatex-cache/generic/fonts/otf/greciliae-ho
llow.luc)
luaotfload | load : Lookup/name: "greciliae-hole" -> "greciliae-hole.ttf"(compil
ing luc: /var/lib/texmf/luatex-cache/generic/fonts/otf/greciliae-hole.luc)(load 
luc: /home/veronica/.texmf-var/luatex-cache/generic/fonts/otf/greciliae-hole.luc
)
Module gregoriotex Info: Mapping font greciliae on input line 995
Module gregoriotex Info: Mapping font greciliae-hollow on input line 995
Module gregoriotex Info: Mapping font greciliae-hole on input line 995
 (/usr/local/share/texmf/tex/luatex/gregoriotex/gregoriotex-chars.tex
\gre@box@hep=\box49
)
(/usr/local/share/texmf/tex/luatex/gregoriotex/gregoriotex-signs.tex
\gre@box@temp@clef=\box50
\gre@box@temp@cleftwo=\box51
\greslurheight=\dimen189
\gre@box@temp@sign=\box52
\gre@count@shiftaftermora=\count169
\gre@dimen@morawidth=\dimen190
\gre@skip@bar@lastskip=\skip70
\gre@count@lastglyphiscavum=\count170
)
(/usr/local/share/texmf/tex/luatex/gregoriotex/gregoriotex-syllable.tex
\gre@generate@pointandclick=\count171
\gre@box@syllablenotes=\box53
\gre@box@syllabletext=\box54
\gre@clivisalignment=\count172
\gre@count@unbreakabletotalnotes=\count173
\gre@count@unbreakableinitialnotes=\count174
\gre@count@unbreakablefinalnotes=\count175
\gre@count@syllablenotes=\count176
)
\gre@variableheightexpansion=\count177
\gre@lastoflinecount=\count178
\gre@nobreakpenaltysave=\count179
\gre@endofwordpenaltysave=\count180
\gre@endofsyllablepenaltysave=\count181
\gre@endafterbarpenaltysave=\count182
\gre@endafterbaraltpenaltysave=\count183
\gre@endofelementpenaltysave=\count184
\gre@lasteuouaeindex=\count185

(/usr/local/share/texmf/tex/luatex/gregoriotex/gregoriotex-symbols.tex
Module gregoriotex Info: Registering variant font greextra as gre@font@variant@D
. on input line 53
luaotfload | load : Lookup/name: "greextra" -> "greextra.ttf"(compiling luc: /va
r/lib/texmf/luatex-cache/generic/fonts/otf/greextra.luc)(load luc: /home/veronic
a/.texmf-var/luatex-cache/generic/fonts/otf/greextra.luc))
luaotfload | load : Lookup/name: "greciliae" -> "greciliae.ttf"
luaotfload | load : Lookup/name: "greciliae-hollow" -> "greciliae-hollow.ttf"
luaotfload | load : Lookup/name: "greciliae-hole" -> "greciliae-hole.ttf"
(/usr/local/share/texmf/tex/luatex/gregoriotex/gsp-default.tex)
(/usr/local/share/texmf/tex/luatex/gregoriotex/gregoriotex-nabc.tex)))
(./verbumadvent.aux)
\openout1 = verbumadvent.aux

LaTeX Font Info:    Checking defaults for OML/cmm/m/it on input line 6.
LaTeX Font Info:    ... okay on input line 6.
LaTeX Font Info:    Checking defaults for T1/cmr/m/n on input line 6.
LaTeX Font Info:    ... okay on input line 6.
LaTeX Font Info:    Checking defaults for OT1/cmr/m/n on input line 6.
LaTeX Font Info:    ... okay on input line 6.
LaTeX Font Info:    Checking defaults for OMS/cmsy/m/n on input line 6.
LaTeX Font Info:    ... okay on input line 6.
LaTeX Font Info:    Checking defaults for OMX/cmex/m/n on input line 6.
LaTeX Font Info:    ... okay on input line 6.
LaTeX Font Info:    Checking defaults for U/cmr/m/n on input line 6.
LaTeX Font Info:    ... okay on input line 6.
LaTeX Font Info:    Checking defaults for TS1/cmr/m/n on input line 6.
LaTeX Font Info:    Try loading font information for TS1+cmr on input line 6.
 (/usr/share/texlive/texmf-dist/tex/latex/base/ts1cmr.fd
File: ts1cmr.fd 2014/09/29 v2.5h Standard LaTeX font definitions
)
LaTeX Font Info:    ... okay on input line 6.
LaTeX Font Info:    Checking defaults for EU2/lmr/m/n on input line 6.
LaTeX Font Info:    ... okay on input line 6.
LaTeX Font Info:    Checking defaults for T3/cmr/m/n on input line 6.
LaTeX Font Info:    Try loading font information for T3+cmr on input line 6.

(/usr/share/texmf/tex/latex/tipa/t3cmr.fd
File: t3cmr.fd 2001/12/31 TIPA font definitions
)
LaTeX Font Info:    ... okay on input line 6.

(/usr/share/texlive/texmf-dist/tex/context/base/supp-pdf.mkii
[Loading MPS to PDF converter (version 2006.09.02).]
\scratchcounter=\count186
\scratchdimen=\dimen191
\scratchbox=\box55
\nofMPsegments=\count187
\nofMParguments=\count188
\everyMPshowfont=\toks20
\MPscratchCnt=\count189
\MPscratchDim=\dimen192
\MPnumerator=\count190
\makeMPintoPDFobject=\count191
\everyMPtoPDFconversion=\toks21
) (/usr/share/texlive/texmf-dist/tex/generic/oberdiek/pdftexcmds.sty
Package: pdftexcmds 2011/11/29 v0.20 Utility functions of pdfTeX for LuaTeX (HO)


(/usr/share/texlive/texmf-dist/tex/generic/oberdiek/ifpdf.sty
Package: ifpdf 2011/01/30 v2.3 Provides the ifpdf switch (HO)
Package ifpdf Info: pdfTeX in PDF mode is detected.
)
Package pdftexcmds Info: \pdf@primitive is available.
Package pdftexcmds Info: \pdf@ifprimitive is available.
Package pdftexcmds Info: \pdfdraftmode found.

(/usr/share/texlive/texmf-dist/tex/generic/oberdiek/luatex-loader.sty
Package: luatex-loader 2010/03/09 v0.4 Lua module loader (HO)

(/usr/share/texlive/texmf-dist/scripts/oberdiek/oberdiek.luatex.lua))
\pdftexcmds@toks=\toks22
)
(/usr/share/texlive/texmf-dist/tex/latex/oberdiek/epstopdf-base.sty
Package: epstopdf-base 2010/02/09 v2.5 Base part for package epstopdf

(/usr/share/texlive/texmf-dist/tex/latex/oberdiek/grfext.sty
Package: grfext 2010/08/19 v1.1 Manage graphics extensions (HO)

(/usr/share/texlive/texmf-dist/tex/generic/oberdiek/kvdefinekeys.sty
Package: kvdefinekeys 2011/04/07 v1.3 Define keys (HO)
))
Package grfext Info: Graphics extension search list:
(grfext)             [.png,.pdf,.jpg,.mps,.tif,.jpeg,.PNG,.PDF,.JPG,.JPEG,.eps]
(grfext)             \AppendGraphicsExtensions on input line 452.

(/usr/share/texlive/texmf-dist/tex/latex/latexconfig/epstopdf-sys.cfg
File: epstopdf-sys.cfg 2010/07/13 v1.3 Configuration of (r)epstopdf for TeX Live

))
.................................................
. fontspec info: "setup-math"
. 
. Adjusting the maths setup (use [no-math] to avoid this).
.................................................
\symlegacymaths=\mathgroup4
LaTeX Font Info:    Overwriting symbol font `legacymaths' in version `bold'
(Font)                  OT1/cmr/m/n --> OT1/cmr/bx/n on input line 6.
LaTeX Font Info:    Redeclaring math accent \acute on input line 6.
LaTeX Font Info:    Redeclaring math accent \grave on input line 6.
LaTeX Font Info:    Redeclaring math accent \ddot on input line 6.
LaTeX Font Info:    Redeclaring math accent \tilde on input line 6.
LaTeX Font Info:    Redeclaring math accent \bar on input line 6.
LaTeX Font Info:    Redeclaring math accent \breve on input line 6.
LaTeX Font Info:    Redeclaring math accent \check on input line 6.
LaTeX Font Info:    Redeclaring math accent \hat on input line 6.
LaTeX Font Info:    Redeclaring math accent \dot on input line 6.
LaTeX Font Info:    Redeclaring math accent \mathring on input line 6.
LaTeX Font Info:    Redeclaring math symbol \colon on input line 6.
LaTeX Font Info:    Redeclaring math symbol \Gamma on input line 6.
LaTeX Font Info:    Redeclaring math symbol \Delta on input line 6.
LaTeX Font Info:    Redeclaring math symbol \Theta on input line 6.
LaTeX Font Info:    Redeclaring math symbol \Lambda on input line 6.
LaTeX Font Info:    Redeclaring math symbol \Xi on input line 6.
LaTeX Font Info:    Redeclaring math symbol \Pi on input line 6.
LaTeX Font Info:    Redeclaring math symbol \Sigma on input line 6.
LaTeX Font Info:    Redeclaring math symbol \Upsilon on input line 6.
LaTeX Font Info:    Redeclaring math symbol \Phi on input line 6.
LaTeX Font Info:    Redeclaring math symbol \Psi on input line 6.
LaTeX Font Info:    Redeclaring math symbol \Omega on input line 6.
LaTeX Font Info:    Redeclaring math symbol \mathdollar on input line 6.
LaTeX Font Info:    Redeclaring symbol font `operators' on input line 6.
LaTeX Font Info:    Encoding `OT1' has changed to `EU2' for symbol font
(Font)              `operators' in the math version `normal' on input line 6.
LaTeX Font Info:    Overwriting symbol font `operators' in version `normal'
(Font)                  OT1/cmr/m/n --> EU2/LinLibertine(0)/m/n on input line 6.

LaTeX Font Info:    Encoding `OT1' has changed to `EU2' for symbol font
(Font)              `operators' in the math version `bold' on input line 6.
LaTeX Font Info:    Overwriting symbol font `operators' in version `bold'
(Font)                  OT1/cmr/bx/n --> EU2/LinLibertine(0)/m/n on input line 6
.
LaTeX Font Info:    Overwriting symbol font `operators' in version `normal'
(Font)                  EU2/LinLibertine(0)/m/n --> EU2/LinLibertine(0)/m/n on i
nput line 6.
LaTeX Font Info:    Overwriting math alphabet `\mathit' in version `normal'
(Font)                  OT1/cmr/m/it --> EU2/LinLibertine(0)/m/it on input line 
6.
LaTeX Font Info:    Overwriting math alphabet `\mathbf' in version `normal'
(Font)                  OT1/cmr/bx/n --> EU2/LinLibertine(0)/bx/n on input line 
6.
LaTeX Font Info:    Overwriting math alphabet `\mathsf' in version `normal'
(Font)                  OT1/cmss/m/n --> EU2/LinBiolinum(0)/m/n on input line 6.

LaTeX Font Info:    Overwriting math alphabet `\mathtt' in version `normal'
(Font)                  OT1/cmtt/m/n --> EU2/LinLibertine(5)/m/n on input line 6
.
LaTeX Font Info:    Overwriting symbol font `operators' in version `bold'
(Font)                  EU2/LinLibertine(0)/m/n --> EU2/LinLibertine(0)/bx/n on 
input line 6.
LaTeX Font Info:    Overwriting math alphabet `\mathit' in version `bold'
(Font)                  OT1/cmr/bx/it --> EU2/LinLibertine(0)/bx/it on input lin
e 6.
LaTeX Font Info:    Overwriting math alphabet `\mathsf' in version `bold'
(Font)                  OT1/cmss/bx/n --> EU2/LinBiolinum(0)/bx/n on input line 
6.
LaTeX Font Info:    Overwriting math alphabet `\mathtt' in version `bold'
(Font)                  OT1/cmtt/m/n --> EU2/LinLibertine(5)/bx/n on input line 
6.
luaotfload | load : path lookup of "LinLibertine_R.otf" unsuccessful, falling ba
ck to file:
luaotfload | load : path lookup of "LinLibertine_RB.otf" unsuccessful, falling b
ack to file:
Module gregoriotex Info: Untitled.gabc has been modified and Untitled-5_0_1.gtex
 needs to be updated. Recompiling the gabc file. on input line 17
Module gregoriotex Info: compiling the score Untitled.gabc... on input line 17
Module gregoriotex Info: will use gregorio-5_0_1 on input line 17

Module gregoriotex Warning: warning:no name specified, put `name:...;' at the be
ginning of the file, can be dangerous with some output formats on input line 17
Module gregoriotex Warning: *** end of warnings for Untitled.gabc *** on input l
ine 17
(./Untitled-5_0_1.gtex
Inserting `gregoriotex.post_linebreak' at position 1 in `post_linebreak_filter'.
Inserting `gregoriotex.disable_hyphenation' at position 1 in `hyphenate'.
luaotfload | load : path lookup of "LinLibertine_R.otf" unsuccessful, falling ba
ck to file:
luaotfload | load : path lookup of "LinLibertine_RI.otf" unsuccessful, falling b
ack to file:
luaotfload | load : path lookup of "LinLibertine_R.otf" unsuccessful, falling ba
ck to file:
luaotfload | load : path lookup of "LinLibertine_RI.otf" unsuccessful, falling b
ack to file:
Removing  `gregoriotex.post_linebreak' from `post_linebreak_filter'.
Removing  `gregoriotex.disable_hyphenation' from `hyphenate'.) [1

{/var/lib/texmf/fonts/map/pdftex/updmap/pdftex.map}]
(./verbumadvent.aux))

Here is how much of LuaTeX's memory you used:
 43114 strings out of 495004
 100000,662416 words of node,token memory allocated
 38485 words of node memory still in use:
   1413 hlist, 179 vlist, 713 rule, 885 glue, 890 kern, 180 penalty, 355 glyph, 
3218 attribute, 229 glue_spec, 541 attribute_list, 1 write, 1 local_par, 1 user_
defined nodes
   avail lists: 1:1,2:11566,3:1552,4:553,5:1647,6:908,7:188,9:652,10:44
 45534 multiletter control sequences out of 65536+600000
 49 fonts using 8093831 bytes
 57i,5n,69p,590b,235s stack positions out of 5000i,500n,10000p,200000b,100000s
Module gregoriotex Info: Writing verbumadvent.gaux on input line 0
Module gregoriotex Warning: Line heights or variable brace lengths may have chan
ged. Rerun to fix. on input line 0
</usr/share/fonts/opentype/linux-libertine/LinLibertine_RI.otf></usr/local/share
/texmf/fonts/truetype/public/gregoriotex/greciliae.ttf></usr/share/fonts/opentyp
e/linux-libertine/LinLibertine_R.otf></usr/share/fonts/opentype/linux-libertine/
LinLibertine_RB.otf>
Output written on verbumadvent.pdf (1 page, 22326 bytes).

PDF statistics: 36 PDF objects out of 1000 (max. 8388607)
 20 compressed objects within 1 object stream
 0 named destinations out of 1000 (max. 131072)
 1 words of extra memory for PDF output out of 10000 (max. 10000000)

